2020-09-17 22:51:27.330 +07:00 [INF] Current directory is: C:\Program Files (x86)\IIS Express
2020-09-17 22:51:27.440 +07:00 [INF] Log file is: E:\Project\Sita\Code\DevSita\Sita\SIta.Web\Log\Sita_LOG.log
2020-09-17 22:51:27.440 +07:00 [INF] Log level is: info
2020-09-17 22:51:29.311 +07:00 [INF] Rabbit MessageReceived :
2020-09-17 22:51:29.537 +07:00 [INF] Rabbit recieve:BSM
.V/1TZRH//6543210014/A/123ABC456Z
.F/VN1722/18APR/JFK/F
.I/AZ318/18 APR/FCO/J
.N/0103901651003
.S/Y/3A/C
.P/SMITH/TOM
.L/XY1C3P
.T/321A4C
.E/RUSH
.R/VIP
.X/XRAY
ENDBSM
2020-09-17 22:51:30.712 +07:00 [INF] Begin connect to: FormatName:Direct = TCP:57.47.209.61\private$\bsh
2020-09-17 22:51:33.478 +07:00 [INF] Begin StartListening Ip: 27.71.237.68 and port:1000
2020-09-17 22:51:33.491 +07:00 [INF] Time:9/17/2020 10:51:33 PM : StartListening
2020-09-17 22:51:33.540 +07:00 [INF] Time:9/17/2020 10:51:33 PM : OnSocketAccepted
2020-09-17 22:51:33.547 +07:00 [INF] Time:9/17/2020 10:51:33 PM - SND- MsgType: LOGIN_RQST - MsgId  : 2- MsgData: password
2020-09-17 22:51:33.566 +07:00 [INF] Time:9/17/2020 10:51:33 PM - RCV- MsgType: LOGIN_ACCEPT - MsgId  : 580- MsgData: - Raw Data: 4248535F43585200020002004402000000000000
2020-09-17 22:51:35.746 +07:00 [INF] Time:9/17/2020 10:51:35 PM - RCV- MsgType: ACK_DATA - MsgId  : 581- MsgData: BSM
.V/1LPIT////123ABC456Z
.F/VN1722/05DEC/LGW/C
.N/0105136835002
.S/N//S
.P/WEIL/W
.L/H8J47X
.T/4F0C32
.X/XRAY
ENDBSM- Raw Data: 4248535F435852000200050045027F000000000042534D0D0A2E562F314C5049542F2F2F2F3132334142433435365A0D0A2E462F564E313732322F30354445432F4C47572F430D0A2E4E2F303130353133363833353030320D0A2E532F4E2F2F530D0A2E502F5745494C2F570D0A2E4C2F48384A3437580D0A2E542F3446304333320D0A2E582F585241590D0A454E4442534D
2020-09-17 22:51:36.134 +07:00 [INF]  [x] Sent Rabbit BSM
.V/1LPIT////123ABC456Z
.F/VN1722/05DEC/LGW/C
.N/0105136835002
.S/N//S
.P/WEIL/W
.L/H8J47X
.T/4F0C32
.X/XRAY
ENDBSM
2020-09-17 22:51:38.683 +07:00 [INF] Begin StartListening Ip: 27.71.237.68 and port:1000
2020-09-17 22:51:41.973 +07:00 [INF] Time:9/17/2020 10:51:41 PM - RCV- MsgType: ACK_DATA - MsgId  : 581- MsgData: BSM
.V/1LPIT////123ABC456Z
.F/VN1722/05DEC/LGW/C
.N/0105136835002
.S/N//S
.P/WEIL/W
.L/H8J47X
.T/4F0C32
.X/XRAY
ENDBSM- Raw Data: 4248535F435852000200050045027F000000000042534D0D0A2E562F314C5049542F2F2F2F3132334142433435365A0D0A2E462F564E313732322F30354445432F4C47572F430D0A2E4E2F303130353133363833353030320D0A2E532F4E2F2F530D0A2E502F5745494C2F570D0A2E4C2F48384A3437580D0A2E542F3446304333320D0A2E582F585241590D0A454E4442534D
2020-09-17 22:51:42.303 +07:00 [INF]  [x] Sent Rabbit BSM
.V/1LPIT////123ABC456Z
.F/VN1722/05DEC/LGW/C
.N/0105136835002
.S/N//S
.P/WEIL/W
.L/H8J47X
.T/4F0C32
.X/XRAY
ENDBSM
2020-09-17 22:51:43.719 +07:00 [INF] Begin StartListening Ip: 27.71.237.68 and port:1000
2020-09-17 22:51:48.317 +07:00 [INF] Time:9/17/2020 10:51:48 PM - RCV- MsgType: ACK_DATA - MsgId  : 581- MsgData: BSM
.V/1LPIT////123ABC456Z
.F/VN1722/05DEC/LGW/C
.N/0105136835002
.S/N//S
.P/WEIL/W
.L/H8J47X
.T/4F0C32
.X/XRAY
ENDBSM- Raw Data: 4248535F435852000200050045027F000000000042534D0D0A2E562F314C5049542F2F2F2F3132334142433435365A0D0A2E462F564E313732322F30354445432F4C47572F430D0A2E4E2F303130353133363833353030320D0A2E532F4E2F2F530D0A2E502F5745494C2F570D0A2E4C2F48384A3437580D0A2E542F3446304333320D0A2E582F585241590D0A454E4442534D
2020-09-17 22:51:48.345 +07:00 [INF]  [x] Sent Rabbit BSM
.V/1LPIT////123ABC456Z
.F/VN1722/05DEC/LGW/C
.N/0105136835002
.S/N//S
.P/WEIL/W
.L/H8J47X
.T/4F0C32
.X/XRAY
ENDBSM
2020-09-17 22:51:48.736 +07:00 [INF] Begin StartListening Ip: 27.71.237.68 and port:1000
2020-09-17 22:51:51.814 +07:00 [ERR] MSMQ Error:Remote computer is not available.
2020-09-17 22:51:53.758 +07:00 [INF] Begin StartListening Ip: 27.71.237.68 and port:1000
2020-09-17 22:51:53.816 +07:00 [INF] Begin connect to: FormatName:Direct = TCP:57.47.209.61\private$\bsh
2020-09-17 22:51:54.630 +07:00 [INF] Time:9/17/2020 10:51:54 PM - RCV- MsgType: ACK_DATA - MsgId  : 581- MsgData: BSM
.V/1LPIT////123ABC456Z
.F/VN1722/05DEC/LGW/C
.N/0105136835002
.S/N//S
.P/WEIL/W
.L/H8J47X
.T/4F0C32
.X/XRAY
ENDBSM- Raw Data: 4248535F435852000200050045027F000000000042534D0D0A2E562F314C5049542F2F2F2F3132334142433435365A0D0A2E462F564E313732322F30354445432F4C47572F430D0A2E4E2F303130353133363833353030320D0A2E532F4E2F2F530D0A2E502F5745494C2F570D0A2E4C2F48384A3437580D0A2E542F3446304333320D0A2E582F585241590D0A454E4442534D
2020-09-17 22:51:54.657 +07:00 [INF]  [x] Sent Rabbit BSM
.V/1LPIT////123ABC456Z
.F/VN1722/05DEC/LGW/C
.N/0105136835002
.S/N//S
.P/WEIL/W
.L/H8J47X
.T/4F0C32
.X/XRAY
ENDBSM
2020-09-17 22:51:58.781 +07:00 [INF] Begin StartListening Ip: 27.71.237.68 and port:1000
2020-09-17 22:51:59.769 +07:00 [INF] Rabbit recieve:BSM
.V/1LPIT////123ABC456Z
.F/VN1722/05DEC/LGW/C
.N/0105136835002
.S/N//S
.P/WEIL/W
.L/H8J47X
.T/4F0C32
.X/XRAY
ENDBSM
2020-09-17 22:52:00.557 +07:00 [INF] Time:9/17/2020 10:52:00 PM - RCV- MsgType: ACK_DATA - MsgId  : 581- MsgData: BSM
.V/1LPIT////123ABC456Z
.F/VN1722/05DEC/LGW/C
.N/0105136835002
.S/N//S
.P/WEIL/W
.L/H8J47X
.T/4F0C32
.X/XRAY
ENDBSM- Raw Data: 4248535F435852000200050045027F000000000042534D0D0A2E562F314C5049542F2F2F2F3132334142433435365A0D0A2E462F564E313732322F30354445432F4C47572F430D0A2E4E2F303130353133363833353030320D0A2E532F4E2F2F530D0A2E502F5745494C2F570D0A2E4C2F48384A3437580D0A2E542F3446304333320D0A2E582F585241590D0A454E4442534D
2020-09-17 22:52:00.594 +07:00 [INF]  [x] Sent Rabbit BSM
.V/1LPIT////123ABC456Z
.F/VN1722/05DEC/LGW/C
.N/0105136835002
.S/N//S
.P/WEIL/W
.L/H8J47X
.T/4F0C32
.X/XRAY
ENDBSM
2020-09-17 22:52:03.798 +07:00 [INF] Begin StartListening Ip: 27.71.237.68 and port:1000
2020-09-17 22:52:06.757 +07:00 [INF] Time:9/17/2020 10:52:06 PM - RCV- MsgType: ACK_DATA - MsgId  : 581- MsgData: BSM
.V/1LPIT////123ABC456Z
.F/VN1722/05DEC/LGW/C
.N/0105136835002
.S/N//S
.P/WEIL/W
.L/H8J47X
.T/4F0C32
.X/XRAY
ENDBSM- Raw Data: 4248535F435852000200050045027F000000000042534D0D0A2E562F314C5049542F2F2F2F3132334142433435365A0D0A2E462F564E313732322F30354445432F4C47572F430D0A2E4E2F303130353133363833353030320D0A2E532F4E2F2F530D0A2E502F5745494C2F570D0A2E4C2F48384A3437580D0A2E542F3446304333320D0A2E582F585241590D0A454E4442534D
2020-09-17 22:52:06.786 +07:00 [INF]  [x] Sent Rabbit BSM
.V/1LPIT////123ABC456Z
.F/VN1722/05DEC/LGW/C
.N/0105136835002
.S/N//S
.P/WEIL/W
.L/H8J47X
.T/4F0C32
.X/XRAY
ENDBSM
2020-09-17 22:52:08.816 +07:00 [INF] Begin StartListening Ip: 27.71.237.68 and port:1000
2020-09-17 22:52:13.150 +07:00 [INF] Time:9/17/2020 10:52:13 PM - RCV- MsgType: ACK_DATA - MsgId  : 581- MsgData: BSM
.V/1LPIT////123ABC456Z
.F/VN1722/05DEC/LGW/C
.N/0105136835002
.S/N//S
.P/WEIL/W
.L/H8J47X
.T/4F0C32
.X/XRAY
ENDBSM- Raw Data: 4248535F435852000200050045027F000000000042534D0D0A2E562F314C5049542F2F2F2F3132334142433435365A0D0A2E462F564E313732322F30354445432F4C47572F430D0A2E4E2F303130353133363833353030320D0A2E532F4E2F2F530D0A2E502F5745494C2F570D0A2E4C2F48384A3437580D0A2E542F3446304333320D0A2E582F585241590D0A454E4442534D
2020-09-17 22:52:13.179 +07:00 [INF]  [x] Sent Rabbit BSM
.V/1LPIT////123ABC456Z
.F/VN1722/05DEC/LGW/C
.N/0105136835002
.S/N//S
.P/WEIL/W
.L/H8J47X
.T/4F0C32
.X/XRAY
ENDBSM
2020-09-17 22:52:13.830 +07:00 [INF] Begin StartListening Ip: 27.71.237.68 and port:1000
2020-09-17 22:52:14.848 +07:00 [ERR] MSMQ Error:Remote computer is not available.
2020-09-17 22:52:16.849 +07:00 [INF] Begin connect to: FormatName:Direct = TCP:57.47.209.61\private$\bsh
2020-09-17 22:52:18.844 +07:00 [INF] Begin StartListening Ip: 27.71.237.68 and port:1000
2020-09-17 22:52:19.570 +07:00 [INF] Time:9/17/2020 10:52:19 PM - RCV- MsgType: ACK_DATA - MsgId  : 581- MsgData: BSM
.V/1LPIT////123ABC456Z
.F/VN1722/05DEC/LGW/C
.N/0105136835002
.S/N//S
.P/WEIL/W
.L/H8J47X
.T/4F0C32
.X/XRAY
ENDBSM- Raw Data: 4248535F435852000200050045027F000000000042534D0D0A2E562F314C5049542F2F2F2F3132334142433435365A0D0A2E462F564E313732322F30354445432F4C47572F430D0A2E4E2F303130353133363833353030320D0A2E532F4E2F2F530D0A2E502F5745494C2F570D0A2E4C2F48384A3437580D0A2E542F3446304333320D0A2E582F585241590D0A454E4442534D
2020-09-17 22:52:19.598 +07:00 [INF]  [x] Sent Rabbit BSM
.V/1LPIT////123ABC456Z
.F/VN1722/05DEC/LGW/C
.N/0105136835002
.S/N//S
.P/WEIL/W
.L/H8J47X
.T/4F0C32
.X/XRAY
ENDBSM
2020-09-17 22:52:23.857 +07:00 [INF] Begin StartListening Ip: 27.71.237.68 and port:1000
2020-09-17 22:52:25.478 +07:00 [INF] Time:9/17/2020 10:52:25 PM - RCV- MsgType: ACK_DATA - MsgId  : 581- MsgData: BSM
.V/1LPIT////123ABC456Z
.F/VN1722/05DEC/LGW/C
.N/0105136835002
.S/N//S
.P/WEIL/W
.L/H8J47X
.T/4F0C32
.X/XRAY
ENDBSM- Raw Data: 4248535F435852000200050045027F000000000042534D0D0A2E562F314C5049542F2F2F2F3132334142433435365A0D0A2E462F564E313732322F30354445432F4C47572F430D0A2E4E2F303130353133363833353030320D0A2E532F4E2F2F530D0A2E502F5745494C2F570D0A2E4C2F48384A3437580D0A2E542F3446304333320D0A2E582F585241590D0A454E4442534D
2020-09-17 22:52:25.506 +07:00 [INF]  [x] Sent Rabbit BSM
.V/1LPIT////123ABC456Z
.F/VN1722/05DEC/LGW/C
.N/0105136835002
.S/N//S
.P/WEIL/W
.L/H8J47X
.T/4F0C32
.X/XRAY
ENDBSM
2020-09-17 22:52:28.871 +07:00 [INF] Begin StartListening Ip: 27.71.237.68 and port:1000
2020-09-17 22:52:29.797 +07:00 [INF] Rabbit recieve:BSM
.V/1LPIT////123ABC456Z
.F/VN1722/05DEC/LGW/C
.N/0105136835002
.S/N//S
.P/WEIL/W
.L/H8J47X
.T/4F0C32
.X/XRAY
ENDBSM
2020-09-17 22:52:31.652 +07:00 [INF] Time:9/17/2020 10:52:31 PM - RCV- MsgType: ACK_DATA - MsgId  : 581- MsgData: BSM
.V/1LPIT////123ABC456Z
.F/VN1722/05DEC/LGW/C
.N/0105136835002
.S/N//S
.P/WEIL/W
.L/H8J47X
.T/4F0C32
.X/XRAY
ENDBSM- Raw Data: 4248535F435852000200050045027F000000000042534D0D0A2E562F314C5049542F2F2F2F3132334142433435365A0D0A2E462F564E313732322F30354445432F4C47572F430D0A2E4E2F303130353133363833353030320D0A2E532F4E2F2F530D0A2E502F5745494C2F570D0A2E4C2F48384A3437580D0A2E542F3446304333320D0A2E582F585241590D0A454E4442534D
2020-09-17 22:52:31.681 +07:00 [INF]  [x] Sent Rabbit BSM
.V/1LPIT////123ABC456Z
.F/VN1722/05DEC/LGW/C
.N/0105136835002
.S/N//S
.P/WEIL/W
.L/H8J47X
.T/4F0C32
.X/XRAY
ENDBSM
2020-09-17 22:52:33.890 +07:00 [INF] Begin StartListening Ip: 27.71.237.68 and port:1000
2020-09-17 22:52:37.822 +07:00 [INF] Time:9/17/2020 10:52:37 PM - RCV- MsgType: ACK_DATA - MsgId  : 581- MsgData: BSM
.V/1LPIT////123ABC456Z
.F/VN1722/05DEC/LGW/C
.N/0105136835002
.S/N//S
.P/WEIL/W
.L/H8J47X
.T/4F0C32
.X/XRAY
ENDBSM- Raw Data: 4248535F435852000200050045027F000000000042534D0D0A2E562F314C5049542F2F2F2F3132334142433435365A0D0A2E462F564E313732322F30354445432F4C47572F430D0A2E4E2F303130353133363833353030320D0A2E532F4E2F2F530D0A2E502F5745494C2F570D0A2E4C2F48384A3437580D0A2E542F3446304333320D0A2E582F585241590D0A454E4442534D
2020-09-17 22:52:37.850 +07:00 [INF]  [x] Sent Rabbit BSM
.V/1LPIT////123ABC456Z
.F/VN1722/05DEC/LGW/C
.N/0105136835002
.S/N//S
.P/WEIL/W
.L/H8J47X
.T/4F0C32
.X/XRAY
ENDBSM
2020-09-17 22:52:37.868 +07:00 [ERR] MSMQ Error:Remote computer is not available.
2020-09-17 22:52:38.906 +07:00 [INF] Begin StartListening Ip: 27.71.237.68 and port:1000
2020-09-17 22:52:39.872 +07:00 [INF] Begin connect to: FormatName:Direct = TCP:57.47.209.61\private$\bsh
2020-09-17 22:52:43.941 +07:00 [INF] Begin StartListening Ip: 27.71.237.68 and port:1000
2020-09-17 22:52:44.117 +07:00 [INF] Time:9/17/2020 10:52:44 PM - RCV- MsgType: ACK_DATA - MsgId  : 581- MsgData: BSM
.V/1LPIT////123ABC456Z
.F/VN1722/05DEC/LGW/C
.N/0105136835002
.S/N//S
.P/WEIL/W
.L/H8J47X
.T/4F0C32
.X/XRAY
ENDBSM- Raw Data: 4248535F435852000200050045027F000000000042534D0D0A2E562F314C5049542F2F2F2F3132334142433435365A0D0A2E462F564E313732322F30354445432F4C47572F430D0A2E4E2F303130353133363833353030320D0A2E532F4E2F2F530D0A2E502F5745494C2F570D0A2E4C2F48384A3437580D0A2E542F3446304333320D0A2E582F585241590D0A454E4442534D
2020-09-17 22:52:44.145 +07:00 [INF]  [x] Sent Rabbit BSM
.V/1LPIT////123ABC456Z
.F/VN1722/05DEC/LGW/C
.N/0105136835002
.S/N//S
.P/WEIL/W
.L/H8J47X
.T/4F0C32
.X/XRAY
ENDBSM
2020-09-17 22:52:48.959 +07:00 [INF] Begin StartListening Ip: 27.71.237.68 and port:1000
2020-09-17 22:52:50.332 +07:00 [INF] Time:9/17/2020 10:52:50 PM - RCV- MsgType: ACK_DATA - MsgId  : 581- MsgData: BSM
.V/1LPIT////123ABC456Z
.F/VN1722/05DEC/LGW/C
.N/0105136835002
.S/N//S
.P/WEIL/W
.L/H8J47X
.T/4F0C32
.X/XRAY
ENDBSM- Raw Data: 4248535F435852000200050045027F000000000042534D0D0A2E562F314C5049542F2F2F2F3132334142433435365A0D0A2E462F564E313732322F30354445432F4C47572F430D0A2E4E2F303130353133363833353030320D0A2E532F4E2F2F530D0A2E502F5745494C2F570D0A2E4C2F48384A3437580D0A2E542F3446304333320D0A2E582F585241590D0A454E4442534D
2020-09-17 22:52:50.364 +07:00 [INF]  [x] Sent Rabbit BSM
.V/1LPIT////123ABC456Z
.F/VN1722/05DEC/LGW/C
.N/0105136835002
.S/N//S
.P/WEIL/W
.L/H8J47X
.T/4F0C32
.X/XRAY
ENDBSM
2020-09-17 22:52:53.972 +07:00 [INF] Begin StartListening Ip: 27.71.237.68 and port:1000
2020-09-17 22:52:56.698 +07:00 [INF] Time:9/17/2020 10:52:56 PM - RCV- MsgType: ACK_DATA - MsgId  : 581- MsgData: BSM
.V/1LPIT////123ABC456Z
.F/VN1722/05DEC/LGW/C
.N/0105136835002
.S/N//S
.P/WEIL/W
.L/H8J47X
.T/4F0C32
.X/XRAY
ENDBSM- Raw Data: 4248535F435852000200050045027F000000000042534D0D0A2E562F314C5049542F2F2F2F3132334142433435365A0D0A2E462F564E313732322F30354445432F4C47572F430D0A2E4E2F303130353133363833353030320D0A2E532F4E2F2F530D0A2E502F5745494C2F570D0A2E4C2F48384A3437580D0A2E542F3446304333320D0A2E582F585241590D0A454E4442534D
2020-09-17 22:52:56.727 +07:00 [INF]  [x] Sent Rabbit BSM
.V/1LPIT////123ABC456Z
.F/VN1722/05DEC/LGW/C
.N/0105136835002
.S/N//S
.P/WEIL/W
.L/H8J47X
.T/4F0C32
.X/XRAY
ENDBSM
2020-09-17 22:52:58.986 +07:00 [INF] Begin StartListening Ip: 27.71.237.68 and port:1000
2020-09-17 22:52:59.831 +07:00 [INF] Rabbit recieve:BSM
.V/1LPIT////123ABC456Z
.F/VN1722/05DEC/LGW/C
.N/0105136835002
.S/N//S
.P/WEIL/W
.L/H8J47X
.T/4F0C32
.X/XRAY
ENDBSM
2020-09-17 22:53:00.892 +07:00 [ERR] MSMQ Error:Remote computer is not available.
2020-09-17 22:53:02.872 +07:00 [INF] Time:9/17/2020 10:53:02 PM - RCV- MsgType: ACK_DATA - MsgId  : 581- MsgData: BSM
.V/1LPIT////123ABC456Z
.F/VN1722/05DEC/LGW/C
.N/0105136835002
.S/N//S
.P/WEIL/W
.L/H8J47X
.T/4F0C32
.X/XRAY
ENDBSM- Raw Data: 4248535F435852000200050045027F000000000042534D0D0A2E562F314C5049542F2F2F2F3132334142433435365A0D0A2E462F564E313732322F30354445432F4C47572F430D0A2E4E2F303130353133363833353030320D0A2E532F4E2F2F530D0A2E502F5745494C2F570D0A2E4C2F48384A3437580D0A2E542F3446304333320D0A2E582F585241590D0A454E4442534D
2020-09-17 22:53:02.896 +07:00 [INF] Begin connect to: FormatName:Direct = TCP:57.47.209.61\private$\bsh
2020-09-17 22:53:02.901 +07:00 [INF]  [x] Sent Rabbit BSM
.V/1LPIT////123ABC456Z
.F/VN1722/05DEC/LGW/C
.N/0105136835002
.S/N//S
.P/WEIL/W
.L/H8J47X
.T/4F0C32
.X/XRAY
ENDBSM
2020-09-17 22:53:04.000 +07:00 [INF] Begin StartListening Ip: 27.71.237.68 and port:1000
2020-09-17 22:53:09.018 +07:00 [INF] Begin StartListening Ip: 27.71.237.68 and port:1000
2020-09-17 22:53:09.307 +07:00 [INF] Time:9/17/2020 10:53:09 PM - RCV- MsgType: ACK_DATA - MsgId  : 581- MsgData: BSM
.V/1LPIT////123ABC456Z
.F/VN1722/05DEC/LGW/C
.N/0105136835002
.S/N//S
.P/WEIL/W
.L/H8J47X
.T/4F0C32
.X/XRAY
ENDBSM- Raw Data: 4248535F435852000200050045027F000000000042534D0D0A2E562F314C5049542F2F2F2F3132334142433435365A0D0A2E462F564E313732322F30354445432F4C47572F430D0A2E4E2F303130353133363833353030320D0A2E532F4E2F2F530D0A2E502F5745494C2F570D0A2E4C2F48384A3437580D0A2E542F3446304333320D0A2E582F585241590D0A454E4442534D
2020-09-17 22:53:09.336 +07:00 [INF]  [x] Sent Rabbit BSM
.V/1LPIT////123ABC456Z
.F/VN1722/05DEC/LGW/C
.N/0105136835002
.S/N//S
.P/WEIL/W
.L/H8J47X
.T/4F0C32
.X/XRAY
ENDBSM
2020-09-17 22:53:14.039 +07:00 [INF] Begin StartListening Ip: 27.71.237.68 and port:1000
2020-09-17 22:53:15.265 +07:00 [INF] Time:9/17/2020 10:53:15 PM - RCV- MsgType: ACK_DATA - MsgId  : 581- MsgData: BSM
.V/1LPIT////123ABC456Z
.F/VN1722/05DEC/LGW/C
.N/0105136835002
.S/N//S
.P/WEIL/W
.L/H8J47X
.T/4F0C32
.X/XRAY
ENDBSM- Raw Data: 4248535F435852000200050045027F000000000042534D0D0A2E562F314C5049542F2F2F2F3132334142433435365A0D0A2E462F564E313732322F30354445432F4C47572F430D0A2E4E2F303130353133363833353030320D0A2E532F4E2F2F530D0A2E502F5745494C2F570D0A2E4C2F48384A3437580D0A2E542F3446304333320D0A2E582F585241590D0A454E4442534D
2020-09-17 22:53:15.296 +07:00 [INF]  [x] Sent Rabbit BSM
.V/1LPIT////123ABC456Z
.F/VN1722/05DEC/LGW/C
.N/0105136835002
.S/N//S
.P/WEIL/W
.L/H8J47X
.T/4F0C32
.X/XRAY
ENDBSM
2020-09-17 22:53:19.057 +07:00 [INF] Begin StartListening Ip: 27.71.237.68 and port:1000
2020-09-17 22:53:21.546 +07:00 [INF] Time:9/17/2020 10:53:21 PM - RCV- MsgType: ACK_DATA - MsgId  : 581- MsgData: BSM
.V/1LPIT////123ABC456Z
.F/VN1722/05DEC/LGW/C
.N/0105136835002
.S/N//S
.P/WEIL/W
.L/H8J47X
.T/4F0C32
.X/XRAY
ENDBSM- Raw Data: 4248535F435852000200050045027F000000000042534D0D0A2E562F314C5049542F2F2F2F3132334142433435365A0D0A2E462F564E313732322F30354445432F4C47572F430D0A2E4E2F303130353133363833353030320D0A2E532F4E2F2F530D0A2E502F5745494C2F570D0A2E4C2F48384A3437580D0A2E542F3446304333320D0A2E582F585241590D0A454E4442534D
2020-09-17 22:53:21.572 +07:00 [INF]  [x] Sent Rabbit BSM
.V/1LPIT////123ABC456Z
.F/VN1722/05DEC/LGW/C
.N/0105136835002
.S/N//S
.P/WEIL/W
.L/H8J47X
.T/4F0C32
.X/XRAY
ENDBSM
2020-09-17 22:53:23.918 +07:00 [ERR] MSMQ Error:Remote computer is not available.
2020-09-17 22:53:24.077 +07:00 [INF] Begin StartListening Ip: 27.71.237.68 and port:1000
2020-09-17 22:53:25.920 +07:00 [INF] Begin connect to: FormatName:Direct = TCP:57.47.209.61\private$\bsh
2020-09-17 22:53:27.828 +07:00 [INF] Time:9/17/2020 10:53:27 PM - RCV- MsgType: ACK_DATA - MsgId  : 581- MsgData: BSM
.V/1LPIT////123ABC456Z
.F/VN1722/05DEC/LGW/C
.N/0105136835002
.S/N//S
.P/WEIL/W
.L/H8J47X
.T/4F0C32
.X/XRAY
ENDBSM- Raw Data: 4248535F435852000200050045027F000000000042534D0D0A2E562F314C5049542F2F2F2F3132334142433435365A0D0A2E462F564E313732322F30354445432F4C47572F430D0A2E4E2F303130353133363833353030320D0A2E532F4E2F2F530D0A2E502F5745494C2F570D0A2E4C2F48384A3437580D0A2E542F3446304333320D0A2E582F585241590D0A454E4442534D
2020-09-17 22:53:27.858 +07:00 [INF]  [x] Sent Rabbit BSM
.V/1LPIT////123ABC456Z
.F/VN1722/05DEC/LGW/C
.N/0105136835002
.S/N//S
.P/WEIL/W
.L/H8J47X
.T/4F0C32
.X/XRAY
ENDBSM
2020-09-17 22:53:29.098 +07:00 [INF] Begin StartListening Ip: 27.71.237.68 and port:1000
2020-09-17 22:53:30.093 +07:00 [INF] Rabbit recieve:BSM
.V/1LPIT////123ABC456Z
.F/VN1722/05DEC/LGW/C
.N/0105136835002
.S/N//S
.P/WEIL/W
.L/H8J47X
.T/4F0C32
.X/XRAY
ENDBSM
2020-09-17 22:53:34.301 +07:00 [INF] Time:9/17/2020 10:53:34 PM - RCV- MsgType: ACK_DATA - MsgId  : 581- MsgData: BSM
.V/1LPIT////123ABC456Z
.F/VN1722/05DEC/LGW/C
.N/0105136835002
.S/N//S
.P/WEIL/W
.L/H8J47X
.T/4F0C32
.X/XRAY
ENDBSM- Raw Data: 4248535F435852000200050045027F000000000042534D0D0A2E562F314C5049542F2F2F2F3132334142433435365A0D0A2E462F564E313732322F30354445432F4C47572F430D0A2E4E2F303130353133363833353030320D0A2E532F4E2F2F530D0A2E502F5745494C2F570D0A2E4C2F48384A3437580D0A2E542F3446304333320D0A2E582F585241590D0A454E4442534D
2020-09-17 22:53:34.590 +07:00 [INF]  [x] Sent Rabbit BSM
.V/1LPIT////123ABC456Z
.F/VN1722/05DEC/LGW/C
.N/0105136835002
.S/N//S
.P/WEIL/W
.L/H8J47X
.T/4F0C32
.X/XRAY
ENDBSM
2020-09-17 22:53:35.325 +07:00 [INF] Begin StartListening Ip: 27.71.237.68 and port:1000
2020-09-17 22:53:40.345 +07:00 [INF] Begin StartListening Ip: 27.71.237.68 and port:1000
2020-09-17 22:53:40.471 +07:00 [INF] Time:9/17/2020 10:53:40 PM - RCV- MsgType: ACK_DATA - MsgId  : 581- MsgData: BSM
.V/1LPIT////123ABC456Z
.F/VN1722/05DEC/LGW/C
.N/0105136835002
.S/N//S
.P/WEIL/W
.L/H8J47X
.T/4F0C32
.X/XRAY
ENDBSM- Raw Data: 4248535F435852000200050045027F000000000042534D0D0A2E562F314C5049542F2F2F2F3132334142433435365A0D0A2E462F564E313732322F30354445432F4C47572F430D0A2E4E2F303130353133363833353030320D0A2E532F4E2F2F530D0A2E502F5745494C2F570D0A2E4C2F48384A3437580D0A2E542F3446304333320D0A2E582F585241590D0A454E4442534D
2020-09-17 22:53:40.502 +07:00 [INF]  [x] Sent Rabbit BSM
.V/1LPIT////123ABC456Z
.F/VN1722/05DEC/LGW/C
.N/0105136835002
.S/N//S
.P/WEIL/W
.L/H8J47X
.T/4F0C32
.X/XRAY
ENDBSM
2020-09-17 22:53:45.368 +07:00 [INF] Begin StartListening Ip: 27.71.237.68 and port:1000
2020-09-17 22:53:46.944 +07:00 [ERR] MSMQ Error:Remote computer is not available.
2020-09-17 22:53:46.948 +07:00 [INF] Time:9/17/2020 10:53:46 PM - RCV- MsgType: ACK_DATA - MsgId  : 581- MsgData: BSM
.V/1LPIT////123ABC456Z
.F/VN1722/05DEC/LGW/C
.N/0105136835002
.S/N//S
.P/WEIL/W
.L/H8J47X
.T/4F0C32
.X/XRAY
ENDBSM- Raw Data: 4248535F435852000200050045027F000000000042534D0D0A2E562F314C5049542F2F2F2F3132334142433435365A0D0A2E462F564E313732322F30354445432F4C47572F430D0A2E4E2F303130353133363833353030320D0A2E532F4E2F2F530D0A2E502F5745494C2F570D0A2E4C2F48384A3437580D0A2E542F3446304333320D0A2E582F585241590D0A454E4442534D
2020-09-17 22:53:46.981 +07:00 [INF]  [x] Sent Rabbit BSM
.V/1LPIT////123ABC456Z
.F/VN1722/05DEC/LGW/C
.N/0105136835002
.S/N//S
.P/WEIL/W
.L/H8J47X
.T/4F0C32
.X/XRAY
ENDBSM
2020-09-17 22:53:48.945 +07:00 [INF] Begin connect to: FormatName:Direct = TCP:57.47.209.61\private$\bsh
2020-09-17 22:53:50.383 +07:00 [INF] Begin StartListening Ip: 27.71.237.68 and port:1000
2020-09-17 22:53:52.893 +07:00 [INF] Time:9/17/2020 10:53:52 PM - RCV- MsgType: ACK_DATA - MsgId  : 581- MsgData: BSM
.V/1LPIT////123ABC456Z
.F/VN1722/05DEC/LGW/C
.N/0105136835002
.S/N//S
.P/WEIL/W
.L/H8J47X
.T/4F0C32
.X/XRAY
ENDBSM- Raw Data: 4248535F435852000200050045027F000000000042534D0D0A2E562F314C5049542F2F2F2F3132334142433435365A0D0A2E462F564E313732322F30354445432F4C47572F430D0A2E4E2F303130353133363833353030320D0A2E532F4E2F2F530D0A2E502F5745494C2F570D0A2E4C2F48384A3437580D0A2E542F3446304333320D0A2E582F585241590D0A454E4442534D
2020-09-17 22:53:52.921 +07:00 [INF]  [x] Sent Rabbit BSM
.V/1LPIT////123ABC456Z
.F/VN1722/05DEC/LGW/C
.N/0105136835002
.S/N//S
.P/WEIL/W
.L/H8J47X
.T/4F0C32
.X/XRAY
ENDBSM
2020-09-17 22:53:55.399 +07:00 [INF] Begin StartListening Ip: 27.71.237.68 and port:1000
2020-09-17 22:53:59.356 +07:00 [INF] Time:9/17/2020 10:53:59 PM - RCV- MsgType: ACK_DATA - MsgId  : 581- MsgData: BSM
.V/1LPIT////123ABC456Z
.F/VN1722/05DEC/LGW/C
.N/0105136835002
.S/N//S
.P/WEIL/W
.L/H8J47X
.T/4F0C32
.X/XRAY
ENDBSM- Raw Data: 4248535F435852000200050045027F000000000042534D0D0A2E562F314C5049542F2F2F2F3132334142433435365A0D0A2E462F564E313732322F30354445432F4C47572F430D0A2E4E2F303130353133363833353030320D0A2E532F4E2F2F530D0A2E502F5745494C2F570D0A2E4C2F48384A3437580D0A2E542F3446304333320D0A2E582F585241590D0A454E4442534D
2020-09-17 22:53:59.387 +07:00 [INF]  [x] Sent Rabbit BSM
.V/1LPIT////123ABC456Z
.F/VN1722/05DEC/LGW/C
.N/0105136835002
.S/N//S
.P/WEIL/W
.L/H8J47X
.T/4F0C32
.X/XRAY
ENDBSM
2020-09-17 22:54:00.122 +07:00 [INF] Rabbit recieve:BSM
.V/1LPIT////123ABC456Z
.F/VN1722/05DEC/LGW/C
.N/0105136835002
.S/N//S
.P/WEIL/W
.L/H8J47X
.T/4F0C32
.X/XRAY
ENDBSM
2020-09-17 22:54:00.417 +07:00 [INF] Begin StartListening Ip: 27.71.237.68 and port:1000
2020-09-17 22:54:05.432 +07:00 [INF] Begin StartListening Ip: 27.71.237.68 and port:1000
2020-09-17 22:54:05.472 +07:00 [INF] Time:9/17/2020 10:54:05 PM - RCV- MsgType: ACK_DATA - MsgId  : 581- MsgData: BSM
.V/1LPIT////123ABC456Z
.F/VN1722/05DEC/LGW/C
.N/0105136835002
.S/N//S
.P/WEIL/W
.L/H8J47X
.T/4F0C32
.X/XRAY
ENDBSM- Raw Data: 4248535F435852000200050045027F000000000042534D0D0A2E562F314C5049542F2F2F2F3132334142433435365A0D0A2E462F564E313732322F30354445432F4C47572F430D0A2E4E2F303130353133363833353030320D0A2E532F4E2F2F530D0A2E502F5745494C2F570D0A2E4C2F48384A3437580D0A2E542F3446304333320D0A2E582F585241590D0A454E4442534D
2020-09-17 22:54:05.510 +07:00 [INF]  [x] Sent Rabbit BSM
.V/1LPIT////123ABC456Z
.F/VN1722/05DEC/LGW/C
.N/0105136835002
.S/N//S
.P/WEIL/W
.L/H8J47X
.T/4F0C32
.X/XRAY
ENDBSM
2020-09-17 22:54:09.966 +07:00 [ERR] MSMQ Error:Remote computer is not available.
2020-09-17 22:54:10.451 +07:00 [INF] Begin StartListening Ip: 27.71.237.68 and port:1000
2020-09-17 22:54:11.706 +07:00 [INF] Time:9/17/2020 10:54:11 PM - RCV- MsgType: ACK_DATA - MsgId  : 581- MsgData: BSM
.V/1LPIT////123ABC456Z
.F/VN1722/05DEC/LGW/C
.N/0105136835002
.S/N//S
.P/WEIL/W
.L/H8J47X
.T/4F0C32
.X/XRAY
ENDBSM- Raw Data: 4248535F435852000200050045027F000000000042534D0D0A2E562F314C5049542F2F2F2F3132334142433435365A0D0A2E462F564E313732322F30354445432F4C47572F430D0A2E4E2F303130353133363833353030320D0A2E532F4E2F2F530D0A2E502F5745494C2F570D0A2E4C2F48384A3437580D0A2E542F3446304333320D0A2E582F585241590D0A454E4442534D
2020-09-17 22:54:11.736 +07:00 [INF]  [x] Sent Rabbit BSM
.V/1LPIT////123ABC456Z
.F/VN1722/05DEC/LGW/C
.N/0105136835002
.S/N//S
.P/WEIL/W
.L/H8J47X
.T/4F0C32
.X/XRAY
ENDBSM
2020-09-17 22:54:11.967 +07:00 [INF] Begin connect to: FormatName:Direct = TCP:57.47.209.61\private$\bsh
2020-09-17 22:54:15.474 +07:00 [INF] Begin StartListening Ip: 27.71.237.68 and port:1000
2020-09-17 22:54:17.795 +07:00 [INF] Time:9/17/2020 10:54:17 PM - RCV- MsgType: ACK_DATA - MsgId  : 581- MsgData: BSM
.V/1LPIT////123ABC456Z
.F/VN1722/05DEC/LGW/C
.N/0105136835002
.S/N//S
.P/WEIL/W
.L/H8J47X
.T/4F0C32
.X/XRAY
ENDBSM- Raw Data: 4248535F435852000200050045027F000000000042534D0D0A2E562F314C5049542F2F2F2F3132334142433435365A0D0A2E462F564E313732322F30354445432F4C47572F430D0A2E4E2F303130353133363833353030320D0A2E532F4E2F2F530D0A2E502F5745494C2F570D0A2E4C2F48384A3437580D0A2E542F3446304333320D0A2E582F585241590D0A454E4442534D
2020-09-17 22:54:17.831 +07:00 [INF]  [x] Sent Rabbit BSM
.V/1LPIT////123ABC456Z
.F/VN1722/05DEC/LGW/C
.N/0105136835002
.S/N//S
.P/WEIL/W
.L/H8J47X
.T/4F0C32
.X/XRAY
ENDBSM
2020-09-17 22:54:20.488 +07:00 [INF] Begin StartListening Ip: 27.71.237.68 and port:1000
2020-09-17 22:54:23.691 +07:00 [INF] Time:9/17/2020 10:54:23 PM - RCV- MsgType: ACK_DATA - MsgId  : 581- MsgData: BSM
.V/1LPIT////123ABC456Z
.F/VN1722/05DEC/LGW/C
.N/0105136835002
.S/N//S
.P/WEIL/W
.L/H8J47X
.T/4F0C32
.X/XRAY
ENDBSM- Raw Data: 4248535F435852000200050045027F000000000042534D0D0A2E562F314C5049542F2F2F2F3132334142433435365A0D0A2E462F564E313732322F30354445432F4C47572F430D0A2E4E2F303130353133363833353030320D0A2E532F4E2F2F530D0A2E502F5745494C2F570D0A2E4C2F48384A3437580D0A2E542F3446304333320D0A2E582F585241590D0A454E4442534D
2020-09-17 22:54:23.722 +07:00 [INF]  [x] Sent Rabbit BSM
.V/1LPIT////123ABC456Z
.F/VN1722/05DEC/LGW/C
.N/0105136835002
.S/N//S
.P/WEIL/W
.L/H8J47X
.T/4F0C32
.X/XRAY
ENDBSM
2020-09-17 22:54:25.503 +07:00 [INF] Begin StartListening Ip: 27.71.237.68 and port:1000
2020-09-17 22:54:30.157 +07:00 [INF] Rabbit recieve:BSM
.V/1LPIT////123ABC456Z
.F/VN1722/05DEC/LGW/C
.N/0105136835002
.S/N//S
.P/WEIL/W
.L/H8J47X
.T/4F0C32
.X/XRAY
ENDBSM
2020-09-17 22:54:30.368 +07:00 [INF] Time:9/17/2020 10:54:30 PM - RCV- MsgType: ACK_DATA - MsgId  : 581- MsgData: BSM
.V/1LPIT////123ABC456Z
.F/VN1722/05DEC/LGW/C
.N/0105136835002
.S/N//S
.P/WEIL/W
.L/H8J47X
.T/4F0C32
.X/XRAY
ENDBSM- Raw Data: 4248535F435852000200050045027F000000000042534D0D0A2E562F314C5049542F2F2F2F3132334142433435365A0D0A2E462F564E313732322F30354445432F4C47572F430D0A2E4E2F303130353133363833353030320D0A2E532F4E2F2F530D0A2E502F5745494C2F570D0A2E4C2F48384A3437580D0A2E542F3446304333320D0A2E582F585241590D0A454E4442534D
2020-09-17 22:54:30.399 +07:00 [INF]  [x] Sent Rabbit BSM
.V/1LPIT////123ABC456Z
.F/VN1722/05DEC/LGW/C
.N/0105136835002
.S/N//S
.P/WEIL/W
.L/H8J47X
.T/4F0C32
.X/XRAY
ENDBSM
2020-09-17 22:54:30.521 +07:00 [INF] Begin StartListening Ip: 27.71.237.68 and port:1000
2020-09-17 22:54:32.990 +07:00 [ERR] MSMQ Error:Remote computer is not available.
2020-09-17 22:54:34.992 +07:00 [INF] Begin connect to: FormatName:Direct = TCP:57.47.209.61\private$\bsh
2020-09-17 22:54:35.539 +07:00 [INF] Begin StartListening Ip: 27.71.237.68 and port:1000
2020-09-17 22:54:36.522 +07:00 [INF] Time:9/17/2020 10:54:36 PM - RCV- MsgType: ACK_DATA - MsgId  : 581- MsgData: BSM
.V/1LPIT////123ABC456Z
.F/VN1722/05DEC/LGW/C
.N/0105136835002
.S/N//S
.P/WEIL/W
.L/H8J47X
.T/4F0C32
.X/XRAY
ENDBSM- Raw Data: 4248535F435852000200050045027F000000000042534D0D0A2E562F314C5049542F2F2F2F3132334142433435365A0D0A2E462F564E313732322F30354445432F4C47572F430D0A2E4E2F303130353133363833353030320D0A2E532F4E2F2F530D0A2E502F5745494C2F570D0A2E4C2F48384A3437580D0A2E542F3446304333320D0A2E582F585241590D0A454E4442534D
2020-09-17 22:54:36.551 +07:00 [INF]  [x] Sent Rabbit BSM
.V/1LPIT////123ABC456Z
.F/VN1722/05DEC/LGW/C
.N/0105136835002
.S/N//S
.P/WEIL/W
.L/H8J47X
.T/4F0C32
.X/XRAY
ENDBSM
2020-09-17 22:54:40.565 +07:00 [INF] Begin StartListening Ip: 27.71.237.68 and port:1000
2020-09-17 22:54:42.670 +07:00 [INF] Time:9/17/2020 10:54:42 PM - RCV- MsgType: ACK_DATA - MsgId  : 581- MsgData: BSM
.V/1LPIT////123ABC456Z
.F/VN1722/05DEC/LGW/C
.N/0105136835002
.S/N//S
.P/WEIL/W
.L/H8J47X
.T/4F0C32
.X/XRAY
ENDBSM- Raw Data: 4248535F435852000200050045027F000000000042534D0D0A2E562F314C5049542F2F2F2F3132334142433435365A0D0A2E462F564E313732322F30354445432F4C47572F430D0A2E4E2F303130353133363833353030320D0A2E532F4E2F2F530D0A2E502F5745494C2F570D0A2E4C2F48384A3437580D0A2E542F3446304333320D0A2E582F585241590D0A454E4442534D
2020-09-17 22:54:42.705 +07:00 [INF]  [x] Sent Rabbit BSM
.V/1LPIT////123ABC456Z
.F/VN1722/05DEC/LGW/C
.N/0105136835002
.S/N//S
.P/WEIL/W
.L/H8J47X
.T/4F0C32
.X/XRAY
ENDBSM
2020-09-17 22:54:45.592 +07:00 [INF] Begin StartListening Ip: 27.71.237.68 and port:1000
2020-09-17 22:54:49.197 +07:00 [INF] Time:9/17/2020 10:54:49 PM - RCV- MsgType: ACK_DATA - MsgId  : 581- MsgData: BSM
.V/1LPIT////123ABC456Z
.F/VN1722/05DEC/LGW/C
.N/0105136835002
.S/N//S
.P/WEIL/W
.L/H8J47X
.T/4F0C32
.X/XRAY
ENDBSM- Raw Data: 4248535F435852000200050045027F000000000042534D0D0A2E562F314C5049542F2F2F2F3132334142433435365A0D0A2E462F564E313732322F30354445432F4C47572F430D0A2E4E2F303130353133363833353030320D0A2E532F4E2F2F530D0A2E502F5745494C2F570D0A2E4C2F48384A3437580D0A2E542F3446304333320D0A2E582F585241590D0A454E4442534D
2020-09-17 22:54:49.232 +07:00 [INF]  [x] Sent Rabbit BSM
.V/1LPIT////123ABC456Z
.F/VN1722/05DEC/LGW/C
.N/0105136835002
.S/N//S
.P/WEIL/W
.L/H8J47X
.T/4F0C32
.X/XRAY
ENDBSM
2020-09-17 22:54:50.611 +07:00 [INF] Begin StartListening Ip: 27.71.237.68 and port:1000
2020-09-17 22:54:55.640 +07:00 [INF] Begin StartListening Ip: 27.71.237.68 and port:1000
2020-09-17 22:54:55.739 +07:00 [INF] Time:9/17/2020 10:54:55 PM - RCV- MsgType: ACK_DATA - MsgId  : 581- MsgData: BSM
.V/1LPIT////123ABC456Z
.F/VN1722/05DEC/LGW/C
.N/0105136835002
.S/N//S
.P/WEIL/W
.L/H8J47X
.T/4F0C32
.X/XRAY
ENDBSM- Raw Data: 4248535F435852000200050045027F000000000042534D0D0A2E562F314C5049542F2F2F2F3132334142433435365A0D0A2E462F564E313732322F30354445432F4C47572F430D0A2E4E2F303130353133363833353030320D0A2E532F4E2F2F530D0A2E502F5745494C2F570D0A2E4C2F48384A3437580D0A2E542F3446304333320D0A2E582F585241590D0A454E4442534D
2020-09-17 22:54:55.771 +07:00 [INF]  [x] Sent Rabbit BSM
.V/1LPIT////123ABC456Z
.F/VN1722/05DEC/LGW/C
.N/0105136835002
.S/N//S
.P/WEIL/W
.L/H8J47X
.T/4F0C32
.X/XRAY
ENDBSM
2020-09-17 22:54:56.060 +07:00 [ERR] MSMQ Error:Remote computer is not available.
2020-09-17 22:54:58.062 +07:00 [INF] Begin connect to: FormatName:Direct = TCP:57.47.209.61\private$\bsh
2020-09-17 22:55:00.498 +07:00 [INF] Rabbit recieve:BSM
.V/1LPIT////123ABC456Z
.F/VN1722/05DEC/LGW/C
.N/0105136835002
.S/N//S
.P/WEIL/W
.L/H8J47X
.T/4F0C32
.X/XRAY
ENDBSM
2020-09-17 22:55:00.657 +07:00 [INF] Begin StartListening Ip: 27.71.237.68 and port:1000
2020-09-17 22:55:01.986 +07:00 [INF] Time:9/17/2020 10:55:01 PM - RCV- MsgType: ACK_DATA - MsgId  : 581- MsgData: BSM
.V/1LPIT////123ABC456Z
.F/VN1722/05DEC/LGW/C
.N/0105136835002
.S/N//S
.P/WEIL/W
.L/H8J47X
.T/4F0C32
.X/XRAY
ENDBSM- Raw Data: 4248535F435852000200050045027F000000000042534D0D0A2E562F314C5049542F2F2F2F3132334142433435365A0D0A2E462F564E313732322F30354445432F4C47572F430D0A2E4E2F303130353133363833353030320D0A2E532F4E2F2F530D0A2E502F5745494C2F570D0A2E4C2F48384A3437580D0A2E542F3446304333320D0A2E582F585241590D0A454E4442534D
2020-09-17 22:55:02.023 +07:00 [INF]  [x] Sent Rabbit BSM
.V/1LPIT////123ABC456Z
.F/VN1722/05DEC/LGW/C
.N/0105136835002
.S/N//S
.P/WEIL/W
.L/H8J47X
.T/4F0C32
.X/XRAY
ENDBSM
2020-09-17 22:55:05.678 +07:00 [INF] Begin StartListening Ip: 27.71.237.68 and port:1000
2020-09-17 22:55:08.465 +07:00 [INF] Time:9/17/2020 10:55:08 PM - RCV- MsgType: ACK_DATA - MsgId  : 581- MsgData: BSM
.V/1LPIT////123ABC456Z
.F/VN1722/05DEC/LGW/C
.N/0105136835002
.S/N//S
.P/WEIL/W
.L/H8J47X
.T/4F0C32
.X/XRAY
ENDBSM- Raw Data: 4248535F435852000200050045027F000000000042534D0D0A2E562F314C5049542F2F2F2F3132334142433435365A0D0A2E462F564E313732322F30354445432F4C47572F430D0A2E4E2F303130353133363833353030320D0A2E532F4E2F2F530D0A2E502F5745494C2F570D0A2E4C2F48384A3437580D0A2E542F3446304333320D0A2E582F585241590D0A454E4442534D
2020-09-17 22:55:08.496 +07:00 [INF]  [x] Sent Rabbit BSM
.V/1LPIT////123ABC456Z
.F/VN1722/05DEC/LGW/C
.N/0105136835002
.S/N//S
.P/WEIL/W
.L/H8J47X
.T/4F0C32
.X/XRAY
ENDBSM
2020-09-17 22:55:10.692 +07:00 [INF] Begin StartListening Ip: 27.71.237.68 and port:1000
2020-09-17 22:55:14.603 +07:00 [INF] Time:9/17/2020 10:55:14 PM - RCV- MsgType: ACK_DATA - MsgId  : 581- MsgData: BSM
.V/1LPIT////123ABC456Z
.F/VN1722/05DEC/LGW/C
.N/0105136835002
.S/N//S
.P/WEIL/W
.L/H8J47X
.T/4F0C32
.X/XRAY
ENDBSM- Raw Data: 4248535F435852000200050045027F000000000042534D0D0A2E562F314C5049542F2F2F2F3132334142433435365A0D0A2E462F564E313732322F30354445432F4C47572F430D0A2E4E2F303130353133363833353030320D0A2E532F4E2F2F530D0A2E502F5745494C2F570D0A2E4C2F48384A3437580D0A2E542F3446304333320D0A2E582F585241590D0A454E4442534D
2020-09-17 22:55:14.632 +07:00 [INF]  [x] Sent Rabbit BSM
.V/1LPIT////123ABC456Z
.F/VN1722/05DEC/LGW/C
.N/0105136835002
.S/N//S
.P/WEIL/W
.L/H8J47X
.T/4F0C32
.X/XRAY
ENDBSM
2020-09-17 22:55:15.711 +07:00 [INF] Begin StartListening Ip: 27.71.237.68 and port:1000
2020-09-17 22:55:19.082 +07:00 [ERR] MSMQ Error:Remote computer is not available.
2020-09-17 22:55:20.727 +07:00 [INF] Begin StartListening Ip: 27.71.237.68 and port:1000
2020-09-17 22:55:20.994 +07:00 [INF] Time:9/17/2020 10:55:20 PM - RCV- MsgType: ACK_DATA - MsgId  : 581- MsgData: BSM
.V/1LPIT////123ABC456Z
.F/VN1722/05DEC/LGW/C
.N/0105136835002
.S/N//S
.P/WEIL/W
.L/H8J47X
.T/4F0C32
.X/XRAY
ENDBSM- Raw Data: 4248535F435852000200050045027F000000000042534D0D0A2E562F314C5049542F2F2F2F3132334142433435365A0D0A2E462F564E313732322F30354445432F4C47572F430D0A2E4E2F303130353133363833353030320D0A2E532F4E2F2F530D0A2E502F5745494C2F570D0A2E4C2F48384A3437580D0A2E542F3446304333320D0A2E582F585241590D0A454E4442534D
2020-09-17 22:55:21.025 +07:00 [INF]  [x] Sent Rabbit BSM
.V/1LPIT////123ABC456Z
.F/VN1722/05DEC/LGW/C
.N/0105136835002
.S/N//S
.P/WEIL/W
.L/H8J47X
.T/4F0C32
.X/XRAY
ENDBSM
2020-09-17 22:55:21.085 +07:00 [INF] Begin connect to: FormatName:Direct = TCP:57.47.209.61\private$\bsh
2020-09-17 22:55:25.741 +07:00 [INF] Begin StartListening Ip: 27.71.237.68 and port:1000
2020-09-17 22:55:27.745 +07:00 [INF] Time:9/17/2020 10:55:27 PM - RCV- MsgType: ACK_DATA - MsgId  : 581- MsgData: BSM
.V/1LPIT////123ABC456Z
.F/VN1722/05DEC/LGW/C
.N/0105136835002
.S/N//S
.P/WEIL/W
.L/H8J47X
.T/4F0C32
.X/XRAY
ENDBSM- Raw Data: 4248535F435852000200050045027F000000000042534D0D0A2E562F314C5049542F2F2F2F3132334142433435365A0D0A2E462F564E313732322F30354445432F4C47572F430D0A2E4E2F303130353133363833353030320D0A2E532F4E2F2F530D0A2E502F5745494C2F570D0A2E4C2F48384A3437580D0A2E542F3446304333320D0A2E582F585241590D0A454E4442534D
2020-09-17 22:55:27.782 +07:00 [INF]  [x] Sent Rabbit BSM
.V/1LPIT////123ABC456Z
.F/VN1722/05DEC/LGW/C
.N/0105136835002
.S/N//S
.P/WEIL/W
.L/H8J47X
.T/4F0C32
.X/XRAY
ENDBSM
2020-09-17 22:55:30.529 +07:00 [INF] Rabbit recieve:BSM
.V/1LPIT////123ABC456Z
.F/VN1722/05DEC/LGW/C
.N/0105136835002
.S/N//S
.P/WEIL/W
.L/H8J47X
.T/4F0C32
.X/XRAY
ENDBSM
2020-09-17 22:55:30.755 +07:00 [INF] Begin StartListening Ip: 27.71.237.68 and port:1000
2020-09-17 22:55:34.078 +07:00 [INF] Time:9/17/2020 10:55:34 PM - RCV- MsgType: ACK_DATA - MsgId  : 581- MsgData: BSM
.V/1LPIT////123ABC456Z
.F/VN1722/05DEC/LGW/C
.N/0105136835002
.S/N//S
.P/WEIL/W
.L/H8J47X
.T/4F0C32
.X/XRAY
ENDBSM- Raw Data: 4248535F435852000200050045027F000000000042534D0D0A2E562F314C5049542F2F2F2F3132334142433435365A0D0A2E462F564E313732322F30354445432F4C47572F430D0A2E4E2F303130353133363833353030320D0A2E532F4E2F2F530D0A2E502F5745494C2F570D0A2E4C2F48384A3437580D0A2E542F3446304333320D0A2E582F585241590D0A454E4442534D
2020-09-17 22:55:34.111 +07:00 [INF]  [x] Sent Rabbit BSM
.V/1LPIT////123ABC456Z
.F/VN1722/05DEC/LGW/C
.N/0105136835002
.S/N//S
.P/WEIL/W
.L/H8J47X
.T/4F0C32
.X/XRAY
ENDBSM
2020-09-17 22:55:35.769 +07:00 [INF] Begin StartListening Ip: 27.71.237.68 and port:1000
2020-09-17 22:55:40.315 +07:00 [INF] Time:9/17/2020 10:55:40 PM - RCV- MsgType: ACK_DATA - MsgId  : 581- MsgData: BSM
.V/1LPIT////123ABC456Z
.F/VN1722/05DEC/LGW/C
.N/0105136835002
.S/N//S
.P/WEIL/W
.L/H8J47X
.T/4F0C32
.X/XRAY
ENDBSM- Raw Data: 4248535F435852000200050045027F000000000042534D0D0A2E562F314C5049542F2F2F2F3132334142433435365A0D0A2E462F564E313732322F30354445432F4C47572F430D0A2E4E2F303130353133363833353030320D0A2E532F4E2F2F530D0A2E502F5745494C2F570D0A2E4C2F48384A3437580D0A2E542F3446304333320D0A2E582F585241590D0A454E4442534D
2020-09-17 22:55:40.351 +07:00 [INF]  [x] Sent Rabbit BSM
.V/1LPIT////123ABC456Z
.F/VN1722/05DEC/LGW/C
.N/0105136835002
.S/N//S
.P/WEIL/W
.L/H8J47X
.T/4F0C32
.X/XRAY
ENDBSM
2020-09-17 22:55:41.154 +07:00 [INF] Begin StartListening Ip: 27.71.237.68 and port:1000
2020-09-17 22:55:42.109 +07:00 [ERR] MSMQ Error:Remote computer is not available.
2020-09-17 22:55:44.110 +07:00 [INF] Begin connect to: FormatName:Direct = TCP:57.47.209.61\private$\bsh
2020-09-17 22:55:46.256 +07:00 [INF] Begin StartListening Ip: 27.71.237.68 and port:1000
2020-09-17 22:55:46.428 +07:00 [INF] Time:9/17/2020 10:55:46 PM - RCV- MsgType: ACK_DATA - MsgId  : 581- MsgData: BSM
.V/1LPIT////123ABC456Z
.F/VN1722/05DEC/LGW/C
.N/0105136835002
.S/N//S
.P/WEIL/W
.L/H8J47X
.T/4F0C32
.X/XRAY
ENDBSM- Raw Data: 4248535F435852000200050045027F000000000042534D0D0A2E562F314C5049542F2F2F2F3132334142433435365A0D0A2E462F564E313732322F30354445432F4C47572F430D0A2E4E2F303130353133363833353030320D0A2E532F4E2F2F530D0A2E502F5745494C2F570D0A2E4C2F48384A3437580D0A2E542F3446304333320D0A2E582F585241590D0A454E4442534D
2020-09-17 22:55:46.459 +07:00 [INF]  [x] Sent Rabbit BSM
.V/1LPIT////123ABC456Z
.F/VN1722/05DEC/LGW/C
.N/0105136835002
.S/N//S
.P/WEIL/W
.L/H8J47X
.T/4F0C32
.X/XRAY
ENDBSM
2020-09-17 22:55:51.276 +07:00 [INF] Begin StartListening Ip: 27.71.237.68 and port:1000
2020-09-17 22:55:53.037 +07:00 [INF] Time:9/17/2020 10:55:53 PM - RCV- MsgType: ACK_DATA - MsgId  : 581- MsgData: BSM
.V/1LPIT////123ABC456Z
.F/VN1722/05DEC/LGW/C
.N/0105136835002
.S/N//S
.P/WEIL/W
.L/H8J47X
.T/4F0C32
.X/XRAY
ENDBSM- Raw Data: 4248535F435852000200050045027F000000000042534D0D0A2E562F314C5049542F2F2F2F3132334142433435365A0D0A2E462F564E313732322F30354445432F4C47572F430D0A2E4E2F303130353133363833353030320D0A2E532F4E2F2F530D0A2E502F5745494C2F570D0A2E4C2F48384A3437580D0A2E542F3446304333320D0A2E582F585241590D0A454E4442534D
2020-09-17 22:55:53.071 +07:00 [INF]  [x] Sent Rabbit BSM
.V/1LPIT////123ABC456Z
.F/VN1722/05DEC/LGW/C
.N/0105136835002
.S/N//S
.P/WEIL/W
.L/H8J47X
.T/4F0C32
.X/XRAY
ENDBSM
2020-09-17 22:55:56.428 +07:00 [INF] Begin StartListening Ip: 27.71.237.68 and port:1000
2020-09-17 22:55:59.299 +07:00 [INF] Time:9/17/2020 10:55:59 PM - RCV- MsgType: ACK_DATA - MsgId  : 581- MsgData: BSM
.V/1LPIT////123ABC456Z
.F/VN1722/05DEC/LGW/C
.N/0105136835002
.S/N//S
.P/WEIL/W
.L/H8J47X
.T/4F0C32
.X/XRAY
ENDBSM- Raw Data: 4248535F435852000200050045027F000000000042534D0D0A2E562F314C5049542F2F2F2F3132334142433435365A0D0A2E462F564E313732322F30354445432F4C47572F430D0A2E4E2F303130353133363833353030320D0A2E532F4E2F2F530D0A2E502F5745494C2F570D0A2E4C2F48384A3437580D0A2E542F3446304333320D0A2E582F585241590D0A454E4442534D
2020-09-17 22:55:59.333 +07:00 [INF]  [x] Sent Rabbit BSM
.V/1LPIT////123ABC456Z
.F/VN1722/05DEC/LGW/C
.N/0105136835002
.S/N//S
.P/WEIL/W
.L/H8J47X
.T/4F0C32
.X/XRAY
ENDBSM
2020-09-17 22:56:00.568 +07:00 [INF] Rabbit recieve:BSM
.V/1LPIT////123ABC456Z
.F/VN1722/05DEC/LGW/C
.N/0105136835002
.S/N//S
.P/WEIL/W
.L/H8J47X
.T/4F0C32
.X/XRAY
ENDBSM
2020-09-17 22:56:01.513 +07:00 [INF] Begin StartListening Ip: 27.71.237.68 and port:1000
2020-09-17 22:56:05.668 +07:00 [INF] Time:9/17/2020 10:56:05 PM - RCV- MsgType: ACK_DATA - MsgId  : 581- MsgData: BSM
.V/1LPIT////123ABC456Z
.F/VN1722/05DEC/LGW/C
.N/0105136835002
.S/N//S
.P/WEIL/W
.L/H8J47X
.T/4F0C32
.X/XRAY
ENDBSM- Raw Data: 4248535F435852000200050045027F000000000042534D0D0A2E562F314C5049542F2F2F2F3132334142433435365A0D0A2E462F564E313732322F30354445432F4C47572F430D0A2E4E2F303130353133363833353030320D0A2E532F4E2F2F530D0A2E502F5745494C2F570D0A2E4C2F48384A3437580D0A2E542F3446304333320D0A2E582F585241590D0A454E4442534D
2020-09-17 22:56:05.710 +07:00 [ERR] MSMQ Error:Remote computer is not available.
2020-09-17 22:56:05.714 +07:00 [INF]  [x] Sent Rabbit BSM
.V/1LPIT////123ABC456Z
.F/VN1722/05DEC/LGW/C
.N/0105136835002
.S/N//S
.P/WEIL/W
.L/H8J47X
.T/4F0C32
.X/XRAY
ENDBSM
2020-09-17 22:56:06.532 +07:00 [INF] Begin StartListening Ip: 27.71.237.68 and port:1000
2020-09-17 22:56:07.715 +07:00 [INF] Begin connect to: FormatName:Direct = TCP:57.47.209.61\private$\bsh
2020-09-17 22:56:11.551 +07:00 [INF] Begin StartListening Ip: 27.71.237.68 and port:1000
2020-09-17 22:56:12.063 +07:00 [INF] Time:9/17/2020 10:56:12 PM - RCV- MsgType: ACK_DATA - MsgId  : 581- MsgData: BSM
.V/1LPIT////123ABC456Z
.F/VN1722/05DEC/LGW/C
.N/0105136835002
.S/N//S
.P/WEIL/W
.L/H8J47X
.T/4F0C32
.X/XRAY
ENDBSM- Raw Data: 4248535F435852000200050045027F000000000042534D0D0A2E562F314C5049542F2F2F2F3132334142433435365A0D0A2E462F564E313732322F30354445432F4C47572F430D0A2E4E2F303130353133363833353030320D0A2E532F4E2F2F530D0A2E502F5745494C2F570D0A2E4C2F48384A3437580D0A2E542F3446304333320D0A2E582F585241590D0A454E4442534D
2020-09-17 22:56:12.100 +07:00 [INF]  [x] Sent Rabbit BSM
.V/1LPIT////123ABC456Z
.F/VN1722/05DEC/LGW/C
.N/0105136835002
.S/N//S
.P/WEIL/W
.L/H8J47X
.T/4F0C32
.X/XRAY
ENDBSM
2020-09-17 22:56:16.574 +07:00 [INF] Begin StartListening Ip: 27.71.237.68 and port:1000
2020-09-17 22:56:18.516 +07:00 [INF] Time:9/17/2020 10:56:18 PM - RCV- MsgType: ACK_DATA - MsgId  : 581- MsgData: BSM
.V/1LPIT////123ABC456Z
.F/VN1722/05DEC/LGW/C
.N/0105136835002
.S/N//S
.P/WEIL/W
.L/H8J47X
.T/4F0C32
.X/XRAY
ENDBSM- Raw Data: 4248535F435852000200050045027F000000000042534D0D0A2E562F314C5049542F2F2F2F3132334142433435365A0D0A2E462F564E313732322F30354445432F4C47572F430D0A2E4E2F303130353133363833353030320D0A2E532F4E2F2F530D0A2E502F5745494C2F570D0A2E4C2F48384A3437580D0A2E542F3446304333320D0A2E582F585241590D0A454E4442534D
2020-09-17 22:56:18.543 +07:00 [INF]  [x] Sent Rabbit BSM
.V/1LPIT////123ABC456Z
.F/VN1722/05DEC/LGW/C
.N/0105136835002
.S/N//S
.P/WEIL/W
.L/H8J47X
.T/4F0C32
.X/XRAY
ENDBSM
2020-09-17 22:56:21.592 +07:00 [INF] Begin StartListening Ip: 27.71.237.68 and port:1000
2020-09-17 22:56:24.924 +07:00 [INF] Time:9/17/2020 10:56:24 PM - RCV- MsgType: ACK_DATA - MsgId  : 581- MsgData: BSM
.V/1LPIT////123ABC456Z
.F/VN1722/05DEC/LGW/C
.N/0105136835002
.S/N//S
.P/WEIL/W
.L/H8J47X
.T/4F0C32
.X/XRAY
ENDBSM- Raw Data: 4248535F435852000200050045027F000000000042534D0D0A2E562F314C5049542F2F2F2F3132334142433435365A0D0A2E462F564E313732322F30354445432F4C47572F430D0A2E4E2F303130353133363833353030320D0A2E532F4E2F2F530D0A2E502F5745494C2F570D0A2E4C2F48384A3437580D0A2E542F3446304333320D0A2E582F585241590D0A454E4442534D
2020-09-17 22:56:24.954 +07:00 [INF]  [x] Sent Rabbit BSM
.V/1LPIT////123ABC456Z
.F/VN1722/05DEC/LGW/C
.N/0105136835002
.S/N//S
.P/WEIL/W
.L/H8J47X
.T/4F0C32
.X/XRAY
ENDBSM
2020-09-17 22:56:26.608 +07:00 [INF] Begin StartListening Ip: 27.71.237.68 and port:1000
2020-09-17 22:56:28.742 +07:00 [ERR] MSMQ Error:Remote computer is not available.
2020-09-17 22:56:30.602 +07:00 [INF] Rabbit recieve:BSM
.V/1LPIT////123ABC456Z
.F/VN1722/05DEC/LGW/C
.N/0105136835002
.S/N//S
.P/WEIL/W
.L/H8J47X
.T/4F0C32
.X/XRAY
ENDBSM
2020-09-17 22:56:30.743 +07:00 [INF] Begin connect to: FormatName:Direct = TCP:57.47.209.61\private$\bsh
2020-09-17 22:56:31.183 +07:00 [INF] Time:9/17/2020 10:56:31 PM - RCV- MsgType: ACK_DATA - MsgId  : 581- MsgData: BSM
.V/1LPIT////123ABC456Z
.F/VN1722/05DEC/LGW/C
.N/0105136835002
.S/N//S
.P/WEIL/W
.L/H8J47X
.T/4F0C32
.X/XRAY
ENDBSM- Raw Data: 4248535F435852000200050045027F000000000042534D0D0A2E562F314C5049542F2F2F2F3132334142433435365A0D0A2E462F564E313732322F30354445432F4C47572F430D0A2E4E2F303130353133363833353030320D0A2E532F4E2F2F530D0A2E502F5745494C2F570D0A2E4C2F48384A3437580D0A2E542F3446304333320D0A2E582F585241590D0A454E4442534D
2020-09-17 22:56:31.212 +07:00 [INF]  [x] Sent Rabbit BSM
.V/1LPIT////123ABC456Z
.F/VN1722/05DEC/LGW/C
.N/0105136835002
.S/N//S
.P/WEIL/W
.L/H8J47X
.T/4F0C32
.X/XRAY
ENDBSM
2020-09-17 22:56:31.620 +07:00 [INF] Begin StartListening Ip: 27.71.237.68 and port:1000
2020-09-17 22:56:36.673 +07:00 [INF] Begin StartListening Ip: 27.71.237.68 and port:1000
2020-09-17 22:56:37.566 +07:00 [INF] Time:9/17/2020 10:56:37 PM - RCV- MsgType: ACK_DATA - MsgId  : 581- MsgData: BSM
.V/1LPIT////123ABC456Z
.F/VN1722/05DEC/LGW/C
.N/0105136835002
.S/N//S
.P/WEIL/W
.L/H8J47X
.T/4F0C32
.X/XRAY
ENDBSM- Raw Data: 4248535F435852000200050045027F000000000042534D0D0A2E562F314C5049542F2F2F2F3132334142433435365A0D0A2E462F564E313732322F30354445432F4C47572F430D0A2E4E2F303130353133363833353030320D0A2E532F4E2F2F530D0A2E502F5745494C2F570D0A2E4C2F48384A3437580D0A2E542F3446304333320D0A2E582F585241590D0A454E4442534D
2020-09-17 22:56:37.594 +07:00 [INF]  [x] Sent Rabbit BSM
.V/1LPIT////123ABC456Z
.F/VN1722/05DEC/LGW/C
.N/0105136835002
.S/N//S
.P/WEIL/W
.L/H8J47X
.T/4F0C32
.X/XRAY
ENDBSM
2020-09-17 22:56:41.693 +07:00 [INF] Begin StartListening Ip: 27.71.237.68 and port:1000
2020-09-17 22:56:43.771 +07:00 [INF] Time:9/17/2020 10:56:43 PM - RCV- MsgType: ACK_DATA - MsgId  : 581- MsgData: BSM
.V/1LPIT////123ABC456Z
.F/VN1722/05DEC/LGW/C
.N/0105136835002
.S/N//S
.P/WEIL/W
.L/H8J47X
.T/4F0C32
.X/XRAY
ENDBSM- Raw Data: 4248535F435852000200050045027F000000000042534D0D0A2E562F314C5049542F2F2F2F3132334142433435365A0D0A2E462F564E313732322F30354445432F4C47572F430D0A2E4E2F303130353133363833353030320D0A2E532F4E2F2F530D0A2E502F5745494C2F570D0A2E4C2F48384A3437580D0A2E542F3446304333320D0A2E582F585241590D0A454E4442534D
2020-09-17 22:56:43.801 +07:00 [INF]  [x] Sent Rabbit BSM
.V/1LPIT////123ABC456Z
.F/VN1722/05DEC/LGW/C
.N/0105136835002
.S/N//S
.P/WEIL/W
.L/H8J47X
.T/4F0C32
.X/XRAY
ENDBSM
2020-09-17 22:56:46.712 +07:00 [INF] Begin StartListening Ip: 27.71.237.68 and port:1000
2020-09-17 22:56:50.113 +07:00 [INF] Time:9/17/2020 10:56:50 PM - RCV- MsgType: ACK_DATA - MsgId  : 581- MsgData: BSM
.V/1LPIT////123ABC456Z
.F/VN1722/05DEC/LGW/C
.N/0105136835002
.S/N//S
.P/WEIL/W
.L/H8J47X
.T/4F0C32
.X/XRAY
ENDBSM- Raw Data: 4248535F435852000200050045027F000000000042534D0D0A2E562F314C5049542F2F2F2F3132334142433435365A0D0A2E462F564E313732322F30354445432F4C47572F430D0A2E4E2F303130353133363833353030320D0A2E532F4E2F2F530D0A2E502F5745494C2F570D0A2E4C2F48384A3437580D0A2E542F3446304333320D0A2E582F585241590D0A454E4442534D
2020-09-17 22:56:50.145 +07:00 [INF]  [x] Sent Rabbit BSM
.V/1LPIT////123ABC456Z
.F/VN1722/05DEC/LGW/C
.N/0105136835002
.S/N//S
.P/WEIL/W
.L/H8J47X
.T/4F0C32
.X/XRAY
ENDBSM
2020-09-17 22:56:51.727 +07:00 [INF] Begin StartListening Ip: 27.71.237.68 and port:1000
2020-09-17 22:56:51.764 +07:00 [ERR] MSMQ Error:Remote computer is not available.
2020-09-17 22:56:53.767 +07:00 [INF] Begin connect to: FormatName:Direct = TCP:57.47.209.61\private$\bsh
2020-09-17 22:56:55.880 +07:00 [INF] Time:9/17/2020 10:56:55 PM - RCV- MsgType: ACK_DATA - MsgId  : 581- MsgData: BSM
.V/1LPIT////123ABC456Z
.F/VN1722/05DEC/LGW/C
.N/0105136835002
.S/N//S
.P/WEIL/W
.L/H8J47X
.T/4F0C32
.X/XRAY
ENDBSM- Raw Data: 4248535F435852000200050045027F000000000042534D0D0A2E562F314C5049542F2F2F2F3132334142433435365A0D0A2E462F564E313732322F30354445432F4C47572F430D0A2E4E2F303130353133363833353030320D0A2E532F4E2F2F530D0A2E502F5745494C2F570D0A2E4C2F48384A3437580D0A2E542F3446304333320D0A2E582F585241590D0A454E4442534D
2020-09-17 22:56:55.916 +07:00 [INF]  [x] Sent Rabbit BSM
.V/1LPIT////123ABC456Z
.F/VN1722/05DEC/LGW/C
.N/0105136835002
.S/N//S
.P/WEIL/W
.L/H8J47X
.T/4F0C32
.X/XRAY
ENDBSM
2020-09-17 22:56:56.740 +07:00 [INF] Begin StartListening Ip: 27.71.237.68 and port:1000
2020-09-17 22:57:00.636 +07:00 [INF] Rabbit recieve:BSM
.V/1LPIT////123ABC456Z
.F/VN1722/05DEC/LGW/C
.N/0105136835002
.S/N//S
.P/WEIL/W
.L/H8J47X
.T/4F0C32
.X/XRAY
ENDBSM
2020-09-17 22:57:01.757 +07:00 [INF] Begin StartListening Ip: 27.71.237.68 and port:1000
2020-09-17 22:57:02.273 +07:00 [INF] Time:9/17/2020 10:57:02 PM - RCV- MsgType: ACK_DATA - MsgId  : 581- MsgData: BSM
.V/1LPIT////123ABC456Z
.F/VN1722/05DEC/LGW/C
.N/0105136835002
.S/N//S
.P/WEIL/W
.L/H8J47X
.T/4F0C32
.X/XRAY
ENDBSM- Raw Data: 4248535F435852000200050045027F000000000042534D0D0A2E562F314C5049542F2F2F2F3132334142433435365A0D0A2E462F564E313732322F30354445432F4C47572F430D0A2E4E2F303130353133363833353030320D0A2E532F4E2F2F530D0A2E502F5745494C2F570D0A2E4C2F48384A3437580D0A2E542F3446304333320D0A2E582F585241590D0A454E4442534D
2020-09-17 22:57:02.304 +07:00 [INF]  [x] Sent Rabbit BSM
.V/1LPIT////123ABC456Z
.F/VN1722/05DEC/LGW/C
.N/0105136835002
.S/N//S
.P/WEIL/W
.L/H8J47X
.T/4F0C32
.X/XRAY
ENDBSM
2020-09-17 22:57:06.771 +07:00 [INF] Begin StartListening Ip: 27.71.237.68 and port:1000
2020-09-17 22:57:08.647 +07:00 [INF] Time:9/17/2020 10:57:08 PM - RCV- MsgType: ACK_DATA - MsgId  : 581- MsgData: BSM
.V/1LPIT////123ABC456Z
.F/VN1722/05DEC/LGW/C
.N/0105136835002
.S/N//S
.P/WEIL/W
.L/H8J47X
.T/4F0C32
.X/XRAY
ENDBSM- Raw Data: 4248535F435852000200050045027F000000000042534D0D0A2E562F314C5049542F2F2F2F3132334142433435365A0D0A2E462F564E313732322F30354445432F4C47572F430D0A2E4E2F303130353133363833353030320D0A2E532F4E2F2F530D0A2E502F5745494C2F570D0A2E4C2F48384A3437580D0A2E542F3446304333320D0A2E582F585241590D0A454E4442534D
2020-09-17 22:57:08.674 +07:00 [INF]  [x] Sent Rabbit BSM
.V/1LPIT////123ABC456Z
.F/VN1722/05DEC/LGW/C
.N/0105136835002
.S/N//S
.P/WEIL/W
.L/H8J47X
.T/4F0C32
.X/XRAY
ENDBSM
2020-09-17 22:57:11.786 +07:00 [INF] Begin StartListening Ip: 27.71.237.68 and port:1000
2020-09-17 22:57:14.786 +07:00 [ERR] MSMQ Error:Remote computer is not available.
2020-09-17 22:57:15.225 +07:00 [INF] Time:9/17/2020 10:57:15 PM - RCV- MsgType: ACK_DATA - MsgId  : 581- MsgData: BSM
.V/1LPIT////123ABC456Z
.F/VN1722/05DEC/LGW/C
.N/0105136835002
.S/N//S
.P/WEIL/W
.L/H8J47X
.T/4F0C32
.X/XRAY
ENDBSM- Raw Data: 4248535F435852000200050045027F000000000042534D0D0A2E562F314C5049542F2F2F2F3132334142433435365A0D0A2E462F564E313732322F30354445432F4C47572F430D0A2E4E2F303130353133363833353030320D0A2E532F4E2F2F530D0A2E502F5745494C2F570D0A2E4C2F48384A3437580D0A2E542F3446304333320D0A2E582F585241590D0A454E4442534D
2020-09-17 22:57:15.256 +07:00 [INF]  [x] Sent Rabbit BSM
.V/1LPIT////123ABC456Z
.F/VN1722/05DEC/LGW/C
.N/0105136835002
.S/N//S
.P/WEIL/W
.L/H8J47X
.T/4F0C32
.X/XRAY
ENDBSM
2020-09-17 22:57:16.787 +07:00 [INF] Begin connect to: FormatName:Direct = TCP:57.47.209.61\private$\bsh
2020-09-17 22:57:16.803 +07:00 [INF] Begin StartListening Ip: 27.71.237.68 and port:1000
2020-09-17 22:57:21.817 +07:00 [INF] Begin StartListening Ip: 27.71.237.68 and port:1000
2020-09-17 22:57:21.902 +07:00 [INF] Time:9/17/2020 10:57:21 PM - RCV- MsgType: ACK_DATA - MsgId  : 581- MsgData: BSM
.V/1LPIT////123ABC456Z
.F/VN1722/05DEC/LGW/C
.N/0105136835002
.S/N//S
.P/WEIL/W
.L/H8J47X
.T/4F0C32
.X/XRAY
ENDBSM- Raw Data: 4248535F435852000200050045027F000000000042534D0D0A2E562F314C5049542F2F2F2F3132334142433435365A0D0A2E462F564E313732322F30354445432F4C47572F430D0A2E4E2F303130353133363833353030320D0A2E532F4E2F2F530D0A2E502F5745494C2F570D0A2E4C2F48384A3437580D0A2E542F3446304333320D0A2E582F585241590D0A454E4442534D
2020-09-17 22:57:21.938 +07:00 [INF]  [x] Sent Rabbit BSM
.V/1LPIT////123ABC456Z
.F/VN1722/05DEC/LGW/C
.N/0105136835002
.S/N//S
.P/WEIL/W
.L/H8J47X
.T/4F0C32
.X/XRAY
ENDBSM
2020-09-17 22:57:26.831 +07:00 [INF] Begin StartListening Ip: 27.71.237.68 and port:1000
2020-09-17 22:57:27.836 +07:00 [INF] Time:9/17/2020 10:57:27 PM - RCV- MsgType: ACK_DATA - MsgId  : 581- MsgData: BSM
.V/1LPIT////123ABC456Z
.F/VN1722/05DEC/LGW/C
.N/0105136835002
.S/N//S
.P/WEIL/W
.L/H8J47X
.T/4F0C32
.X/XRAY
ENDBSM- Raw Data: 4248535F435852000200050045027F000000000042534D0D0A2E562F314C5049542F2F2F2F3132334142433435365A0D0A2E462F564E313732322F30354445432F4C47572F430D0A2E4E2F303130353133363833353030320D0A2E532F4E2F2F530D0A2E502F5745494C2F570D0A2E4C2F48384A3437580D0A2E542F3446304333320D0A2E582F585241590D0A454E4442534D
2020-09-17 22:57:27.862 +07:00 [INF]  [x] Sent Rabbit BSM
.V/1LPIT////123ABC456Z
.F/VN1722/05DEC/LGW/C
.N/0105136835002
.S/N//S
.P/WEIL/W
.L/H8J47X
.T/4F0C32
.X/XRAY
ENDBSM
2020-09-17 22:57:30.672 +07:00 [INF] Rabbit recieve:BSM
.V/1LPIT////123ABC456Z
.F/VN1722/05DEC/LGW/C
.N/0105136835002
.S/N//S
.P/WEIL/W
.L/H8J47X
.T/4F0C32
.X/XRAY
ENDBSM
2020-09-17 22:57:31.850 +07:00 [INF] Begin StartListening Ip: 27.71.237.68 and port:1000
2020-09-17 22:57:36.864 +07:00 [INF] Begin StartListening Ip: 27.71.237.68 and port:1000
2020-09-17 22:57:37.805 +07:00 [ERR] MSMQ Error:Remote computer is not available.
2020-09-17 22:57:39.946 +07:00 [INF] Begin connect to: FormatName:Direct = TCP:57.47.209.61\private$\bsh
2020-09-17 22:57:41.913 +07:00 [INF] Begin StartListening Ip: 27.71.237.68 and port:1000
2020-09-17 22:57:47.570 +07:00 [INF] Begin StartListening Ip: 27.71.237.68 and port:1000
2020-09-17 23:02:24.245 +07:00 [INF] Current directory is: C:\Program Files (x86)\IIS Express
2020-09-17 23:02:24.339 +07:00 [INF] Log file is: E:\Project\Sita\Code\DevSita\Sita\SIta.Web\Log\Sita_LOG.log
2020-09-17 23:02:24.339 +07:00 [INF] Log level is: info
2020-09-17 23:02:26.646 +07:00 [INF] Rabbit MessageReceived :
2020-09-17 23:02:28.414 +07:00 [INF] Begin connect to: FormatName:Direct = TCP:57.47.209.61\private$\bsh
2020-09-17 23:02:30.861 +07:00 [INF] Begin StartListening Ip: 27.71.237.68 and port:1000
2020-09-17 23:02:30.946 +07:00 [INF] Time:9/17/2020 11:02:30 PM : StartListening
2020-09-17 23:02:30.947 +07:00 [INF] Time:9/17/2020 11:02:30 PM : OnSocketAccepted
2020-09-17 23:02:30.964 +07:00 [INF] Time:9/17/2020 11:02:30 PM - SND- MsgType: LOGIN_RQST - MsgId  : 2- MsgData: password
2020-09-17 23:02:31.009 +07:00 [INF] Time:9/17/2020 11:02:31 PM - RCV- MsgType: LOGIN_ACCEPT - MsgId  : 582- MsgData: - Raw Data: 4248535F43585200020002004602000000000000
2020-09-17 23:02:33.034 +07:00 [INF] Time:9/17/2020 11:02:33 PM - RCV- MsgType: ACK_DATA - MsgId  : 583- MsgData: BSM
.V/1TZRH
.F/VN1723/18APR/JFK/F
.N/0110234248003
ENDBSM- Raw Data: 4248535F435852000200050047023E000000000042534D0D0A2E562F31545A52480D0A2E462F564E313732332F31384150522F4A464B2F460D0A2E4E2F303131303233343234383030330D0A454E4442534D
2020-09-17 23:02:33.087 +07:00 [INF]  [x] Sent Rabbit BSM
.V/1TZRH
.F/VN1723/18APR/JFK/F
.N/0110234248003
ENDBSM
2020-09-17 23:02:33.116 +07:00 [INF] Rabbit recieve:BSM
.V/1TZRH
.F/VN1723/18APR/JFK/F
.N/0110234248003
ENDBSM
2020-09-17 23:02:39.650 +07:00 [INF] Time:9/17/2020 11:02:39 PM - RCV- MsgType: ACK_DATA - MsgId  : 583- MsgData: BSM
.V/1TZRH
.F/VN1723/18APR/JFK/F
.N/0110234248003
ENDBSM- Raw Data: 4248535F435852000200050047023E000000000042534D0D0A2E562F31545A52480D0A2E462F564E313732332F31384150522F4A464B2F460D0A2E4E2F303131303233343234383030330D0A454E4442534D
2020-09-17 23:02:39.691 +07:00 [INF]  [x] Sent Rabbit BSM
.V/1TZRH
.F/VN1723/18APR/JFK/F
.N/0110234248003
ENDBSM
2020-09-17 23:02:39.720 +07:00 [INF] Begin StartListening Ip: 27.71.237.68 and port:1000
2020-09-17 23:02:43.150 +07:00 [INF] Rabbit recieve:BSM
.V/1TZRH
.F/VN1723/18APR/JFK/F
.N/0110234248003
ENDBSM
2020-09-17 23:02:43.938 +07:00 [INF] Time:9/17/2020 11:02:43 PM - RCV- MsgType: ACK_DATA - MsgId  : 583- MsgData: BSM
.V/1TZRH
.F/VN1723/18APR/JFK/F
.N/0110234248003
ENDBSM- Raw Data: 4248535F435852000200050047023E000000000042534D0D0A2E562F31545A52480D0A2E462F564E313732332F31384150522F4A464B2F460D0A2E4E2F303131303233343234383030330D0A454E4442534D
2020-09-17 23:02:43.966 +07:00 [INF]  [x] Sent Rabbit BSM
.V/1TZRH
.F/VN1723/18APR/JFK/F
.N/0110234248003
ENDBSM
2020-09-17 23:02:44.745 +07:00 [INF] Begin StartListening Ip: 27.71.237.68 and port:1000
2020-09-17 23:02:49.392 +07:00 [INF] Time:9/17/2020 11:02:49 PM - RCV- MsgType: ACK_DATA - MsgId  : 583- MsgData: BSM
.V/1TZRH
.F/VN1723/18APR/JFK/F
.N/0110234248003
ENDBSM- Raw Data: 4248535F435852000200050047023E000000000042534D0D0A2E562F31545A52480D0A2E462F564E313732332F31384150522F4A464B2F460D0A2E4E2F303131303233343234383030330D0A454E4442534D
2020-09-17 23:02:49.429 +07:00 [INF]  [x] Sent Rabbit BSM
.V/1TZRH
.F/VN1723/18APR/JFK/F
.N/0110234248003
ENDBSM
2020-09-17 23:02:49.758 +07:00 [INF] Begin StartListening Ip: 27.71.237.68 and port:1000
2020-09-17 23:02:50.005 +07:00 [ERR] MSMQ Error:Remote computer is not available.
2020-09-17 23:02:52.007 +07:00 [INF] Begin connect to: FormatName:Direct = TCP:57.47.209.61\private$\bsh
2020-09-17 23:02:54.773 +07:00 [INF] Begin StartListening Ip: 27.71.237.68 and port:1000
2020-09-17 23:02:54.882 +07:00 [INF] Time:9/17/2020 11:02:54 PM - RCV- MsgType: ACK_DATA - MsgId  : 583- MsgData: BSM
.V/1TZRH
.F/VN1723/18APR/JFK/F
.N/0110234248003
ENDBSM- Raw Data: 4248535F435852000200050047023E000000000042534D0D0A2E562F31545A52480D0A2E462F564E313732332F31384150522F4A464B2F460D0A2E4E2F303131303233343234383030330D0A454E4442534D
2020-09-17 23:02:54.908 +07:00 [INF]  [x] Sent Rabbit BSM
.V/1TZRH
.F/VN1723/18APR/JFK/F
.N/0110234248003
ENDBSM
2020-09-17 23:02:59.792 +07:00 [INF] Begin StartListening Ip: 27.71.237.68 and port:1000
2020-09-17 23:03:00.368 +07:00 [INF] Time:9/17/2020 11:03:00 PM - RCV- MsgType: ACK_DATA - MsgId  : 583- MsgData: BSM
.V/1TZRH
.F/VN1723/18APR/JFK/F
.N/0110234248003
ENDBSM- Raw Data: 4248535F435852000200050047023E000000000042534D0D0A2E562F31545A52480D0A2E462F564E313732332F31384150522F4A464B2F460D0A2E4E2F303131303233343234383030330D0A454E4442534D
2020-09-17 23:03:00.404 +07:00 [INF]  [x] Sent Rabbit BSM
.V/1TZRH
.F/VN1723/18APR/JFK/F
.N/0110234248003
ENDBSM
2020-09-17 23:03:04.808 +07:00 [INF] Begin StartListening Ip: 27.71.237.68 and port:1000
2020-09-17 23:03:05.842 +07:00 [INF] Time:9/17/2020 11:03:05 PM - RCV- MsgType: ACK_DATA - MsgId  : 583- MsgData: BSM
.V/1TZRH
.F/VN1723/18APR/JFK/F
.N/0110234248003
ENDBSM- Raw Data: 4248535F435852000200050047023E000000000042534D0D0A2E562F31545A52480D0A2E462F564E313732332F31384150522F4A464B2F460D0A2E4E2F303131303233343234383030330D0A454E4442534D
2020-09-17 23:03:06.175 +07:00 [INF]  [x] Sent Rabbit BSM
.V/1TZRH
.F/VN1723/18APR/JFK/F
.N/0110234248003
ENDBSM
2020-09-17 23:03:09.823 +07:00 [INF] Begin StartListening Ip: 27.71.237.68 and port:1000
2020-09-17 23:03:11.304 +07:00 [INF] Time:9/17/2020 11:03:11 PM - RCV- MsgType: ACK_DATA - MsgId  : 583- MsgData: BSM
.V/1TZRH
.F/VN1723/18APR/JFK/F
.N/0110234248003
ENDBSM- Raw Data: 4248535F435852000200050047023E000000000042534D0D0A2E562F31545A52480D0A2E462F564E313732332F31384150522F4A464B2F460D0A2E4E2F303131303233343234383030330D0A454E4442534D
2020-09-17 23:03:11.335 +07:00 [INF]  [x] Sent Rabbit BSM
.V/1TZRH
.F/VN1723/18APR/JFK/F
.N/0110234248003
ENDBSM
2020-09-17 23:03:13.033 +07:00 [ERR] MSMQ Error:Remote computer is not available.
2020-09-17 23:03:13.881 +07:00 [INF] Rabbit recieve:BSM
.V/1TZRH
.F/VN1723/18APR/JFK/F
.N/0110234248003
ENDBSM
2020-09-17 23:05:26.605 +07:00 [INF] Current directory is: C:\Program Files (x86)\IIS Express
2020-09-17 23:05:26.668 +07:00 [INF] Log file is: E:\Project\Sita\Code\DevSita\Sita\SIta.Web\Log\Sita_LOG.log
2020-09-17 23:05:26.668 +07:00 [INF] Log level is: info
2020-09-17 23:05:27.826 +07:00 [INF] Rabbit MessageReceived :
2020-09-17 23:05:32.583 +07:00 [INF] Begin StartListening Ip: 27.71.237.68 and port:1000
2020-09-17 23:05:32.586 +07:00 [INF] Time:9/17/2020 11:05:32 PM : StartListening
2020-09-17 23:05:35.846 +07:00 [INF] Time:9/17/2020 11:05:35 PM : OnSocketAccepted
2020-09-17 23:05:35.851 +07:00 [INF] Time:9/17/2020 11:05:35 PM - SND- MsgType: LOGIN_RQST - MsgId  : 2- MsgData: password
2020-09-17 23:05:35.871 +07:00 [INF] Time:9/17/2020 11:05:35 PM - RCV- MsgType: LOGIN_ACCEPT - MsgId  : 584- MsgData: - Raw Data: 4248535F43585200020002004802000000000000
2020-09-17 23:05:37.632 +07:00 [INF] Begin StartListening Ip: 27.71.237.68 and port:1000
2020-09-17 23:05:42.759 +07:00 [INF] Begin StartListening Ip: 27.71.237.68 and port:1000
2020-09-17 23:05:47.774 +07:00 [INF] Begin StartListening Ip: 27.71.237.68 and port:1000
2020-09-17 23:05:52.805 +07:00 [INF] Begin StartListening Ip: 27.71.237.68 and port:1000
2020-09-17 23:05:57.873 +07:00 [INF] Begin StartListening Ip: 27.71.237.68 and port:1000
2020-09-17 23:06:03.287 +07:00 [INF] Begin StartListening Ip: 27.71.237.68 and port:1000
2020-09-17 23:06:08.302 +07:00 [INF] Begin StartListening Ip: 27.71.237.68 and port:1000
2020-09-17 23:06:13.316 +07:00 [INF] Begin StartListening Ip: 27.71.237.68 and port:1000
2020-09-17 23:06:14.689 +07:00 [INF] Begin connect to: FormatName:Direct = TCP:57.47.209.61\private$\bsh
2020-09-17 23:06:18.340 +07:00 [INF] Begin StartListening Ip: 27.71.237.68 and port:1000
2020-09-17 23:06:23.434 +07:00 [INF] Begin StartListening Ip: 27.71.237.68 and port:1000
2020-09-17 23:06:28.466 +07:00 [INF] Begin StartListening Ip: 27.71.237.68 and port:1000
2020-09-17 23:06:33.610 +07:00 [INF] Begin StartListening Ip: 27.71.237.68 and port:1000
2020-09-17 23:06:35.744 +07:00 [ERR] MSMQ Error:Remote computer is not available.
2020-09-17 23:06:37.574 +07:00 [INF] Rabbit recieve:BSM
.V/1LPIT////123ABC456Z
.F/VN1723/05DEC/LGW/C
.N/0110638550002
.S/N//S
.P/WEIL/W
.L/H8J47X
.T/4F0C32
.X/XRAY
ENDBSM
2020-09-17 23:06:44.515 +07:00 [INF] Begin connect to: FormatName:Direct = TCP:57.47.209.61\private$\bsh
2020-09-17 23:06:44.520 +07:00 [INF] Begin StartListening Ip: 27.71.237.68 and port:1000
2020-09-17 23:06:49.733 +07:00 [INF] Rabbit recieve:BSM
.V/1LPIT////123ABC456Z
.F/VN1723/05DEC/LGW/C
.N/0110638550002
.S/N//S
.P/WEIL/W
.L/H8J47X
.T/4F0C32
.X/XRAY
ENDBSM
2020-09-17 23:06:49.735 +07:00 [INF] Begin StartListening Ip: 27.71.237.68 and port:1000
2020-09-17 23:06:50.356 +07:00 [INF] Rabbit recieve:BSM
.V/1LPIT////123ABC456Z
.F/VN1723/05DEC/LGW/C
.N/0110638550002
.S/N//S
.P/WEIL/W
.L/H8J47X
.T/4F0C32
.X/XRAY
ENDBSM
2020-09-17 23:06:54.827 +07:00 [INF] Rabbit recieve:BSM
.V/1LPIT////123ABC456Z
.F/VN1723/05DEC/LGW/C
.N/0110638550002
.S/N//S
.P/WEIL/W
.L/H8J47X
.T/4F0C32
.X/XRAY
ENDBSM
2020-09-17 23:06:58.169 +07:00 [INF] Begin StartListening Ip: 27.71.237.68 and port:1000
2020-09-17 23:07:00.043 +07:00 [INF] Rabbit recieve:BSM
.V/1LPIT////123ABC456Z
.F/VN1723/05DEC/LGW/C
.N/0110638550002
.S/N//S
.P/WEIL/W
.L/H8J47X
.T/4F0C32
.X/XRAY
ENDBSM
2020-09-17 23:07:03.213 +07:00 [INF] Begin StartListening Ip: 27.71.237.68 and port:1000
2020-09-17 23:07:05.538 +07:00 [ERR] MSMQ Error:Remote computer is not available.
2020-09-17 23:07:07.540 +07:00 [INF] Begin connect to: FormatName:Direct = TCP:57.47.209.61\private$\bsh
2020-09-17 23:07:07.875 +07:00 [INF] Rabbit recieve:BSM
.V/1LPIT////123ABC456Z
.F/VN1723/05DEC/LGW/C
.N/0110638550002
.S/N//S
.P/WEIL/W
.L/H8J47X
.T/4F0C32
.X/XRAY
ENDBSM
2020-09-17 23:07:08.250 +07:00 [INF] Begin StartListening Ip: 27.71.237.68 and port:1000
2020-09-17 23:07:10.337 +07:00 [INF] Rabbit recieve:BSM
.V/1LPIT////123ABC456Z
.F/VN1723/05DEC/LGW/C
.N/0110638550002
.S/N//S
.P/WEIL/W
.L/H8J47X
.T/4F0C32
.X/XRAY
ENDBSM
2020-09-17 23:07:13.265 +07:00 [INF] Begin StartListening Ip: 27.71.237.68 and port:1000
2020-09-17 23:07:15.759 +07:00 [INF] Rabbit recieve:BSM
.V/1LPIT////123ABC456Z
.F/VN1723/05DEC/LGW/C
.N/0110638550002
.S/N//S
.P/WEIL/W
.L/H8J47X
.T/4F0C32
.X/XRAY
ENDBSM
2020-09-17 23:07:18.354 +07:00 [INF] Begin StartListening Ip: 27.71.237.68 and port:1000
2020-09-17 23:07:21.540 +07:00 [INF] Rabbit recieve:BSM
.V/1LPIT////123ABC456Z
.F/VN1723/05DEC/LGW/C
.N/0110638550002
.S/N//S
.P/WEIL/W
.L/H8J47X
.T/4F0C32
.X/XRAY
ENDBSM
2020-09-17 23:07:23.366 +07:00 [INF] Begin StartListening Ip: 27.71.237.68 and port:1000
2020-09-17 23:07:26.698 +07:00 [INF] Rabbit recieve:BSM
.V/1LPIT////123ABC456Z
.F/VN1723/05DEC/LGW/C
.N/0110638550002
.S/N//S
.P/WEIL/W
.L/H8J47X
.T/4F0C32
.X/XRAY
ENDBSM
2020-09-17 23:07:28.377 +07:00 [INF] Begin StartListening Ip: 27.71.237.68 and port:1000
2020-09-17 23:07:28.557 +07:00 [ERR] MSMQ Error:Remote computer is not available.
2020-09-17 23:07:30.561 +07:00 [INF] Begin connect to: FormatName:Direct = TCP:57.47.209.61\private$\bsh
2020-09-17 23:07:32.440 +07:00 [INF] Rabbit recieve:BSM
.V/1LPIT////123ABC456Z
.F/VN1723/05DEC/LGW/C
.N/0110638550002
.S/N//S
.P/WEIL/W
.L/H8J47X
.T/4F0C32
.X/XRAY
ENDBSM
2020-09-18 14:51:01.350 +07:00 [INF] Current directory is: C:\Program Files (x86)\IIS Express
2020-09-18 14:51:01.394 +07:00 [INF] Log file is: E:\Project\Sita\Code\DevSita\Sita\SIta.Web\Log\Sita_LOG.log
2020-09-18 14:51:01.394 +07:00 [INF] Log level is: info
2020-09-18 14:51:02.336 +07:00 [INF] Rabbit MessageReceived :
2020-09-18 14:51:04.177 +07:00 [INF] Begin connect to: FormatName:Direct = TCP:57.47.209.61\private$\bsh
2020-09-18 14:51:07.305 +07:00 [INF] Begin StartListening Ip: 27.71.237.68 and port:1000
2020-09-18 14:51:07.365 +07:00 [INF] Time:9/18/2020 2:51:07 PM : OnSocketAccepted
2020-09-18 14:51:07.372 +07:00 [INF] Time:9/18/2020 2:51:07 PM - SND- MsgType: LOGIN_RQST - MsgId  : 2- MsgData: password
2020-09-18 14:51:07.372 +07:00 [INF] Time:9/18/2020 2:51:07 PM : StartListening
2020-09-18 14:51:07.570 +07:00 [INF] Time:9/18/2020 2:51:07 PM - RCV- MsgType: LOGIN_ACCEPT - MsgId  : 626- MsgData: - Raw Data: 4248535F43585200020002007202000000000000
2020-09-18 14:51:09.490 +07:00 [INF] Time:9/18/2020 2:51:09 PM - RCV- MsgType: ACK_DATA - MsgId  : 627- MsgData: BSM
.V/1TZRH
.F/VN1814/18APR/JFK/F
.N/0025110864003
ENDBSM- Raw Data: 4248535F435852000200050073023E000000000042534D0D0A2E562F31545A52480D0A2E462F564E313831342F31384150522F4A464B2F460D0A2E4E2F303032353131303836343030330D0A454E4442534D
2020-09-18 14:51:09.573 +07:00 [INF]  [x] Sent Rabbit BSM
.V/1TZRH
.F/VN1814/18APR/JFK/F
.N/0025110864003
ENDBSM
2020-09-18 14:51:09.592 +07:00 [INF] Rabbit recieve:BSM
.V/1TZRH
.F/VN1814/18APR/JFK/F
.N/0025110864003
ENDBSM
2020-09-18 14:51:15.854 +07:00 [INF] Time:9/18/2020 2:51:15 PM - RCV- MsgType: ACK_DATA - MsgId  : 627- MsgData: BSM
.V/1TZRH
.F/VN1814/18APR/JFK/F
.N/0025110864003
ENDBSM- Raw Data: 4248535F435852000200050073023E000000000042534D0D0A2E562F31545A52480D0A2E462F564E313831342F31384150522F4A464B2F460D0A2E4E2F303032353131303836343030330D0A454E4442534D
2020-09-18 14:51:15.977 +07:00 [INF]  [x] Sent Rabbit BSM
.V/1TZRH
.F/VN1814/18APR/JFK/F
.N/0025110864003
ENDBSM
2020-09-18 14:51:15.984 +07:00 [INF] Rabbit recieve:BSM
.V/1TZRH
.F/VN1814/18APR/JFK/F
.N/0025110864003
ENDBSM
2020-09-18 14:51:26.660 +07:00 [INF] Time:9/18/2020 2:51:26 PM - RCV- MsgType: ACK_DATA - MsgId  : 627- MsgData: BSM
.V/1TZRH
.F/VN1814/18APR/JFK/F
.N/0025110864003
ENDBSM- Raw Data: 4248535F435852000200050073023E000000000042534D0D0A2E562F31545A52480D0A2E462F564E313831342F31384150522F4A464B2F460D0A2E4E2F303032353131303836343030330D0A454E4442534D
2020-09-18 14:51:26.691 +07:00 [ERR] MSMQ Error:Remote computer is not available.
2020-09-18 14:51:26.762 +07:00 [INF]  [x] Sent Rabbit BSM
.V/1TZRH
.F/VN1814/18APR/JFK/F
.N/0025110864003
ENDBSM
2020-09-18 14:51:26.770 +07:00 [INF] Rabbit recieve:BSM
.V/1TZRH
.F/VN1814/18APR/JFK/F
.N/0025110864003
ENDBSM
2020-09-18 14:51:28.083 +07:00 [INF] Time:9/18/2020 2:51:28 PM - RCV- MsgType: ACK_DATA - MsgId  : 627- MsgData: BSM
.V/1TZRH
.F/VN1814/18APR/JFK/F
.N/0025110864003
ENDBSM- Raw Data: 4248535F435852000200050073023E000000000042534D0D0A2E562F31545A52480D0A2E462F564E313831342F31384150522F4A464B2F460D0A2E4E2F303032353131303836343030330D0A454E4442534D
2020-09-18 14:51:28.147 +07:00 [INF]  [x] Sent Rabbit BSM
.V/1TZRH
.F/VN1814/18APR/JFK/F
.N/0025110864003
ENDBSM
2020-09-18 14:51:28.154 +07:00 [INF] Rabbit recieve:BSM
.V/1TZRH
.F/VN1814/18APR/JFK/F
.N/0025110864003
ENDBSM
2020-09-18 14:51:28.693 +07:00 [INF] Begin connect to: FormatName:Direct = TCP:57.47.209.61\private$\bsh
2020-09-18 14:51:33.751 +07:00 [INF] Time:9/18/2020 2:51:33 PM - RCV- MsgType: ACK_DATA - MsgId  : 627- MsgData: BSM
.V/1TZRH
.F/VN1814/18APR/JFK/F
.N/0025110864003
ENDBSM- Raw Data: 4248535F435852000200050073023E000000000042534D0D0A2E562F31545A52480D0A2E462F564E313831342F31384150522F4A464B2F460D0A2E4E2F303032353131303836343030330D0A454E4442534D
2020-09-18 14:51:33.931 +07:00 [INF]  [x] Sent Rabbit BSM
.V/1TZRH
.F/VN1814/18APR/JFK/F
.N/0025110864003
ENDBSM
2020-09-18 14:51:33.937 +07:00 [INF] Rabbit recieve:BSM
.V/1TZRH
.F/VN1814/18APR/JFK/F
.N/0025110864003
ENDBSM
2020-09-18 14:51:39.679 +07:00 [INF] Time:9/18/2020 2:51:39 PM - RCV- MsgType: ACK_DATA - MsgId  : 627- MsgData: BSM
.V/1TZRH
.F/VN1814/18APR/JFK/F
.N/0025110864003
ENDBSM- Raw Data: 4248535F435852000200050073023E000000000042534D0D0A2E562F31545A52480D0A2E462F564E313831342F31384150522F4A464B2F460D0A2E4E2F303032353131303836343030330D0A454E4442534D
2020-09-18 14:51:39.817 +07:00 [INF]  [x] Sent Rabbit BSM
.V/1TZRH
.F/VN1814/18APR/JFK/F
.N/0025110864003
ENDBSM
2020-09-18 14:51:39.838 +07:00 [INF] Rabbit recieve:BSM
.V/1TZRH
.F/VN1814/18APR/JFK/F
.N/0025110864003
ENDBSM
2020-09-18 14:51:45.816 +07:00 [INF] Time:9/18/2020 2:51:45 PM - RCV- MsgType: ACK_DATA - MsgId  : 627- MsgData: BSM
.V/1TZRH
.F/VN1814/18APR/JFK/F
.N/0025110864003
ENDBSM- Raw Data: 4248535F435852000200050073023E000000000042534D0D0A2E562F31545A52480D0A2E462F564E313831342F31384150522F4A464B2F460D0A2E4E2F303032353131303836343030330D0A454E4442534D
2020-09-18 14:51:45.891 +07:00 [INF]  [x] Sent Rabbit BSM
.V/1TZRH
.F/VN1814/18APR/JFK/F
.N/0025110864003
ENDBSM
2020-09-18 14:51:45.905 +07:00 [INF] Rabbit recieve:BSM
.V/1TZRH
.F/VN1814/18APR/JFK/F
.N/0025110864003
ENDBSM
2020-09-18 14:51:49.713 +07:00 [ERR] MSMQ Error:Remote computer is not available.
2020-09-18 14:51:51.714 +07:00 [INF] Begin connect to: FormatName:Direct = TCP:57.47.209.61\private$\bsh
2020-09-18 14:51:51.979 +07:00 [INF] Time:9/18/2020 2:51:51 PM - RCV- MsgType: ACK_DATA - MsgId  : 627- MsgData: BSM
.V/1TZRH
.F/VN1814/18APR/JFK/F
.N/0025110864003
ENDBSM- Raw Data: 4248535F435852000200050073023E000000000042534D0D0A2E562F31545A52480D0A2E462F564E313831342F31384150522F4A464B2F460D0A2E4E2F303032353131303836343030330D0A454E4442534D
2020-09-18 14:51:52.065 +07:00 [INF]  [x] Sent Rabbit BSM
.V/1TZRH
.F/VN1814/18APR/JFK/F
.N/0025110864003
ENDBSM
2020-09-18 14:51:52.072 +07:00 [INF] Rabbit recieve:BSM
.V/1TZRH
.F/VN1814/18APR/JFK/F
.N/0025110864003
ENDBSM
2020-09-18 14:51:58.106 +07:00 [INF] Time:9/18/2020 2:51:58 PM - RCV- MsgType: ACK_DATA - MsgId  : 627- MsgData: BSM
.V/1TZRH
.F/VN1814/18APR/JFK/F
.N/0025110864003
ENDBSM- Raw Data: 4248535F435852000200050073023E000000000042534D0D0A2E562F31545A52480D0A2E462F564E313831342F31384150522F4A464B2F460D0A2E4E2F303032353131303836343030330D0A454E4442534D
2020-09-18 14:51:58.205 +07:00 [INF]  [x] Sent Rabbit BSM
.V/1TZRH
.F/VN1814/18APR/JFK/F
.N/0025110864003
ENDBSM
2020-09-18 14:51:58.229 +07:00 [INF] Rabbit recieve:BSM
.V/1TZRH
.F/VN1814/18APR/JFK/F
.N/0025110864003
ENDBSM
2020-09-18 14:52:04.438 +07:00 [INF] Time:9/18/2020 2:52:04 PM - RCV- MsgType: ACK_DATA - MsgId  : 627- MsgData: BSM
.V/1TZRH
.F/VN1814/18APR/JFK/F
.N/0025110864003
ENDBSM- Raw Data: 4248535F435852000200050073023E000000000042534D0D0A2E562F31545A52480D0A2E462F564E313831342F31384150522F4A464B2F460D0A2E4E2F303032353131303836343030330D0A454E4442534D
2020-09-18 14:52:04.529 +07:00 [INF]  [x] Sent Rabbit BSM
.V/1TZRH
.F/VN1814/18APR/JFK/F
.N/0025110864003
ENDBSM
2020-09-18 14:52:04.534 +07:00 [INF] Rabbit recieve:BSM
.V/1TZRH
.F/VN1814/18APR/JFK/F
.N/0025110864003
ENDBSM
2020-09-18 14:52:10.544 +07:00 [INF] Time:9/18/2020 2:52:10 PM - RCV- MsgType: ACK_DATA - MsgId  : 627- MsgData: BSM
.V/1TZRH
.F/VN1814/18APR/JFK/F
.N/0025110864003
ENDBSM- Raw Data: 4248535F435852000200050073023E000000000042534D0D0A2E562F31545A52480D0A2E462F564E313831342F31384150522F4A464B2F460D0A2E4E2F303032353131303836343030330D0A454E4442534D
2020-09-18 14:52:10.618 +07:00 [INF]  [x] Sent Rabbit BSM
.V/1TZRH
.F/VN1814/18APR/JFK/F
.N/0025110864003
ENDBSM
2020-09-18 14:52:10.626 +07:00 [INF] Rabbit recieve:BSM
.V/1TZRH
.F/VN1814/18APR/JFK/F
.N/0025110864003
ENDBSM
2020-09-18 14:52:12.947 +07:00 [ERR] MSMQ Error:Remote computer is not available.
2020-09-18 14:52:15.019 +07:00 [INF] Begin connect to: FormatName:Direct = TCP:57.47.209.61\private$\bsh
2020-09-18 14:52:16.945 +07:00 [INF] Time:9/18/2020 2:52:16 PM - RCV- MsgType: ACK_DATA - MsgId  : 627- MsgData: BSM
.V/1TZRH
.F/VN1814/18APR/JFK/F
.N/0025110864003
ENDBSM- Raw Data: 4248535F435852000200050073023E000000000042534D0D0A2E562F31545A52480D0A2E462F564E313831342F31384150522F4A464B2F460D0A2E4E2F303032353131303836343030330D0A454E4442534D
2020-09-18 14:52:17.065 +07:00 [INF]  [x] Sent Rabbit BSM
.V/1TZRH
.F/VN1814/18APR/JFK/F
.N/0025110864003
ENDBSM
2020-09-18 14:52:17.066 +07:00 [INF] Rabbit recieve:BSM
.V/1TZRH
.F/VN1814/18APR/JFK/F
.N/0025110864003
ENDBSM
2020-09-18 14:52:36.291 +07:00 [ERR] MSMQ Error:Remote computer is not available.
2020-09-18 14:52:38.301 +07:00 [INF] Begin connect to: FormatName:Direct = TCP:57.47.209.61\private$\bsh
2020-09-18 14:52:59.400 +07:00 [ERR] MSMQ Error:Remote computer is not available.
2020-09-18 14:53:01.402 +07:00 [INF] Begin connect to: FormatName:Direct = TCP:57.47.209.61\private$\bsh
2020-09-18 14:53:22.418 +07:00 [ERR] MSMQ Error:Remote computer is not available.
2020-09-18 14:53:24.419 +07:00 [INF] Begin connect to: FormatName:Direct = TCP:57.47.209.61\private$\bsh
2020-09-18 14:53:45.432 +07:00 [ERR] MSMQ Error:Remote computer is not available.
2020-09-18 14:53:47.433 +07:00 [INF] Begin connect to: FormatName:Direct = TCP:57.47.209.61\private$\bsh
2020-09-18 14:54:08.532 +07:00 [ERR] MSMQ Error:Remote computer is not available.
2020-09-18 14:54:10.533 +07:00 [INF] Begin connect to: FormatName:Direct = TCP:57.47.209.61\private$\bsh
2020-09-18 14:54:31.633 +07:00 [ERR] MSMQ Error:Remote computer is not available.
2020-09-18 14:54:33.634 +07:00 [INF] Begin connect to: FormatName:Direct = TCP:57.47.209.61\private$\bsh
2020-09-18 14:54:54.657 +07:00 [ERR] MSMQ Error:Remote computer is not available.
2020-09-18 14:54:56.658 +07:00 [INF] Begin connect to: FormatName:Direct = TCP:57.47.209.61\private$\bsh
2020-09-18 14:55:17.677 +07:00 [ERR] MSMQ Error:Remote computer is not available.
2020-09-18 14:55:19.678 +07:00 [INF] Begin connect to: FormatName:Direct = TCP:57.47.209.61\private$\bsh
2020-09-18 14:55:49.317 +07:00 [INF] Current directory is: C:\Program Files (x86)\IIS Express
2020-09-18 14:55:49.358 +07:00 [INF] Log file is: E:\Project\Sita\Code\DevSita\Sita\SIta.Web\Log\Sita_LOG.log
2020-09-18 14:55:49.358 +07:00 [INF] Log level is: info
2020-09-18 14:55:50.970 +07:00 [INF] Rabbit MessageReceived :
2020-09-18 14:55:52.942 +07:00 [INF] Begin connect to: FormatName:Direct = TCP:57.47.209.61\private$\bsh
2020-09-18 14:55:55.830 +07:00 [INF] Begin StartListening Ip: 27.71.237.68 and port:1000
2020-09-18 14:55:55.832 +07:00 [INF] Time:9/18/2020 2:55:55 PM : StartListening
2020-09-18 14:55:55.863 +07:00 [INF] Time:9/18/2020 2:55:55 PM : OnSocketAccepted
2020-09-18 14:55:55.871 +07:00 [INF] Time:9/18/2020 2:55:55 PM - SND- MsgType: LOGIN_RQST - MsgId  : 2- MsgData: password
2020-09-18 14:55:55.953 +07:00 [INF] Time:9/18/2020 2:55:55 PM - RCV- MsgType: LOGIN_ACCEPT - MsgId  : 628- MsgData: - Raw Data: 4248535F43585200020002007402000000000000
2020-09-18 14:55:57.997 +07:00 [INF] Time:9/18/2020 2:55:57 PM - RCV- MsgType: ACK_DATA - MsgId  : 629- MsgData: BSM
.V/1TZRH//6543210014/A/123ABC456Z
.F/VN1814/18APR/JFK/F
.I/AZ318/18 APR/FCO/J
.N/0025559370003
.S/Y/3A/C
.P/SMITH/TOM
.L/XY1C3P
.T/321A4C
.E/RUSH
.R/VIP
.X/XRAY
ENDBSM- Raw Data: 4248535F43585200020005007502B7000000000042534D0D0A2E562F31545A52482F2F363534333231303031342F412F3132334142433435365A0D0A2E462F564E313831342F31384150522F4A464B2F460D0A2E492F415A3331382F3138204150522F46434F2F4A0D0A2E4E2F303032353535393337303030330D0A2E532F592F33412F430D0A2E502F534D4954482F544F4D0D0A2E4C2F5859314333500D0A2E542F3332314134430D0A2E452F525553480D0A2E522F5649500D0A2E582F585241590D0A454E4442534D
2020-09-18 14:55:58.119 +07:00 [INF]  [x] Sent Rabbit BSM
.V/1TZRH//6543210014/A/123ABC456Z
.F/VN1814/18APR/JFK/F
.I/AZ318/18 APR/FCO/J
.N/0025559370003
.S/Y/3A/C
.P/SMITH/TOM
.L/XY1C3P
.T/321A4C
.E/RUSH
.R/VIP
.X/XRAY
ENDBSM
2020-09-18 14:55:58.157 +07:00 [INF] Rabbit recieve:BSM
.V/1TZRH//6543210014/A/123ABC456Z
.F/VN1814/18APR/JFK/F
.I/AZ318/18 APR/FCO/J
.N/0025559370003
.S/Y/3A/C
.P/SMITH/TOM
.L/XY1C3P
.T/321A4C
.E/RUSH
.R/VIP
.X/XRAY
ENDBSM
2020-09-18 14:56:03.403 +07:00 [INF] Begin StartListening Ip: 27.71.237.68 and port:1000
2020-09-18 21:56:16.990 +07:00 [INF] Current directory is: C:\Program Files (x86)\IIS Express
2020-09-18 21:56:17.030 +07:00 [INF] Log file is: E:\Project\Sita\Code\DevSita\Sita\SIta.Web\Log\Sita_LOG.log
2020-09-18 21:56:17.030 +07:00 [INF] Log level is: info
2020-09-18 21:56:17.916 +07:00 [INF] Rabbit MessageReceived :
2020-09-18 21:56:19.733 +07:00 [INF] Begin connect to: FormatName:Direct = TCP:57.47.209.61\private$\bsh
2020-09-18 21:56:22.743 +07:00 [INF] Rabbit recieve:BSM
.V/1TZRH
.F/VN1821/18APR/JFK/F
.N/0095255324003
ENDBSM
2020-09-18 21:56:34.962 +07:00 [INF] Rabbit recieve:BSM
.V/1TZRH
.F/VN1821/18APR/JFK/F
.N/0095255324003
ENDBSM
2020-09-18 21:56:37.618 +07:00 [INF] Rabbit recieve:BSM
.V/1TZRH
.F/VN1821/18APR/JFK/F
.N/0095255324003
ENDBSM
2020-09-18 21:56:40.793 +07:00 [ERR] MSMQ Error:Remote computer is not available.
2020-09-18 21:56:41.336 +07:00 [INF] Rabbit recieve:BSM
.V/1TZRH
.F/VN1821/18APR/JFK/F
.N/0095255324003
ENDBSM
2020-09-18 21:56:42.797 +07:00 [INF] Begin connect to: FormatName:Direct = TCP:57.47.209.61\private$\bsh
2020-09-18 21:56:47.986 +07:00 [INF] Rabbit recieve:BSM
.V/1TZRH
.F/VN1821/18APR/JFK/F
.N/0095255324003
ENDBSM
2020-09-18 21:56:54.225 +07:00 [INF] Rabbit recieve:BSM
.V/1TZRH
.F/VN1821/18APR/JFK/F
.N/0095255324003
ENDBSM
2020-09-18 21:57:00.956 +07:00 [INF] Rabbit recieve:BSM
.V/1TZRH
.F/VN1821/18APR/JFK/F
.N/0095255324003
ENDBSM
2020-09-18 21:57:03.810 +07:00 [ERR] MSMQ Error:Remote computer is not available.
2020-09-18 21:57:05.812 +07:00 [INF] Begin connect to: FormatName:Direct = TCP:57.47.209.61\private$\bsh
2020-09-18 21:57:10.395 +07:00 [INF] Rabbit recieve:BSM
.V/1TZRH
.F/VN1821/18APR/JFK/F
.N/0095255324003
ENDBSM
2020-09-18 21:57:13.877 +07:00 [INF] Rabbit recieve:BSM
.V/1TZRH
.F/VN1821/18APR/JFK/F
.N/0095255324003
ENDBSM
2020-09-18 21:57:19.629 +07:00 [INF] Rabbit recieve:BSM
.V/1TZRH
.F/VN1821/18APR/JFK/F
.N/0095255324003
ENDBSM
2020-09-18 21:57:26.497 +07:00 [INF] Rabbit recieve:BSM
.V/1TZRH
.F/VN1821/18APR/JFK/F
.N/0095255324003
ENDBSM
2020-09-18 21:57:26.865 +07:00 [ERR] MSMQ Error:Remote computer is not available.
2020-09-18 21:57:28.869 +07:00 [INF] Begin connect to: FormatName:Direct = TCP:57.47.209.61\private$\bsh
2020-09-18 21:57:32.543 +07:00 [INF] Rabbit recieve:BSM
.V/1TZRH
.F/VN1821/18APR/JFK/F
.N/0095255324003
ENDBSM
2020-09-18 21:57:41.969 +07:00 [INF] Rabbit recieve:BSM
.V/1TZRH
.F/VN1821/18APR/JFK/F
.N/0095255324003
ENDBSM
2020-09-18 21:57:49.892 +07:00 [ERR] MSMQ Error:Remote computer is not available.
2020-09-18 21:57:51.966 +07:00 [INF] Begin connect to: FormatName:Direct = TCP:57.47.209.61\private$\bsh
2020-09-18 21:57:52.952 +07:00 [INF] Rabbit recieve:BSM
.V/1TZRH
.F/VN1821/18APR/JFK/F
.N/0095255324003
ENDBSM
2020-09-18 21:58:02.072 +07:00 [INF] Rabbit recieve:BSM
.V/1TZRH
.F/VN1821/18APR/JFK/F
.N/0095255324003
ENDBSM
2020-09-18 21:58:12.987 +07:00 [ERR] MSMQ Error:Remote computer is not available.
2020-09-18 21:58:14.988 +07:00 [INF] Begin connect to: FormatName:Direct = TCP:57.47.209.61\private$\bsh
2020-09-18 21:58:22.973 +07:00 [INF] Rabbit recieve:BSM
.V/1TZRH
.F/VN1821/18APR/JFK/F
.N/0095255324003
ENDBSM
2020-09-18 21:58:23.130 +07:00 [INF] Rabbit recieve:BSM
.V/1TZRH
.F/VN1821/18APR/JFK/F
.N/0095255324003
ENDBSM
2020-09-18 21:58:23.161 +07:00 [INF] Rabbit recieve:BSM
.V/1TZRH
.F/VN1821/18APR/JFK/F
.N/0095255324003
ENDBSM
2020-09-18 21:58:23.245 +07:00 [INF] Rabbit recieve:BSM
.V/1TZRH
.F/VN1821/18APR/JFK/F
.N/0095255324003
ENDBSM
2020-09-18 21:58:25.154 +07:00 [INF] Rabbit recieve:BSM
.V/1TZRH
.F/VN1821/18APR/JFK/F
.N/0095255324003
ENDBSM
2020-09-18 21:58:32.105 +07:00 [INF] Rabbit recieve:BSM
.V/1TZRH
.F/VN1821/18APR/JFK/F
.N/0095255324003
ENDBSM
2020-09-18 21:58:36.009 +07:00 [ERR] MSMQ Error:Remote computer is not available.
2020-09-18 21:58:38.012 +07:00 [INF] Begin connect to: FormatName:Direct = TCP:57.47.209.61\private$\bsh
2020-09-19 19:22:12.496 +07:00 [INF] Current directory is: C:\Program Files (x86)\IIS Express
2020-09-19 19:22:12.559 +07:00 [INF] Log file is: E:\Project\Sita\Code\DevSita\Sita\SIta.Web\Log\Sita_LOG.log
2020-09-19 19:22:12.559 +07:00 [INF] Log level is: info
2020-09-19 19:24:05.227 +07:00 [INF] Begin StartListening Ip: 27.71.237.68 and port:1000
2020-09-19 19:24:05.440 +07:00 [INF] Time:9/19/2020 7:24:05 PM : StartListening
2020-09-19 19:24:05.477 +07:00 [INF] Time:9/19/2020 7:24:05 PM : OnSocketAccepted
2020-09-19 19:24:05.497 +07:00 [INF] Time:9/19/2020 7:24:05 PM - SND- MsgType: LOGIN_RQST - MsgId  : 2- MsgData: password
2020-09-19 19:24:07.136 +07:00 [INF] Time:9/19/2020 7:24:07 PM - RCV- MsgType: LOGIN_ACCEPT - MsgId  : 716- MsgData: - Raw Data: 4248535F4358520002000200CC02000000000000
2020-09-19 19:24:20.683 +07:00 [INF] Time:9/19/2020 7:24:20 PM - RCV- MsgType: ACK_DATA - MsgId  : 717- MsgData: BSM
.V/1LPIT////123ABC456Z
.F/VN1919/05DEC/LGW/C
.N/0072407282002
.S/N//S
.P/WEIL/W
.L/H8J47X
.T/4F0C32
.X/XRAY
ENDBSM- Raw Data: 4248535F4358520002000500CD027F000000000042534D0D0A2E562F314C5049542F2F2F2F3132334142433435365A0D0A2E462F564E313931392F30354445432F4C47572F430D0A2E4E2F303037323430373238323030320D0A2E532F4E2F2F530D0A2E502F5745494C2F570D0A2E4C2F48384A3437580D0A2E542F3446304333320D0A2E582F585241590D0A454E4442534D
2020-09-19 19:24:20.683 +07:00 [INF] Time:9/19/2020 7:24:20 PM - RCV- MsgType: ACK_DATA - MsgId  : 717- MsgData: - Raw Data: 4248535F4358520002000500CD027F000000000042534D0D0A2E562F314C5049542F2F2F2F3132334142433435365A0D0A2E462F564E313931392F30354445432F4C47572F430D0A2E4E2F303037323430373238323030320D0A2E532F4E2F2F530D0A2E502F5745494C2F570D0A2E4C2F48384A3437580D0A2E542F3446304333320D0A2E582F585241590D0A454E4442534D4248535F4358520002000500CD027F000000000042534D0D0A2E562F314C5049542F2F2F2F3132334142433435365A0D0A2E462F564E313931392F30354445432F4C47572F430D0A2E4E2F303037323430373238323030320D0A2E532F4E2F2F530D0A2E502F5745494C2F570D0A2E4C2F48384A3437580D0A2E542F3446304333320D0A2E582F585241590D0A454E4442534D
2020-09-19 19:24:20.683 +07:00 [INF] Begin StartListening Ip: 27.71.237.68 and port:1000
2020-09-19 19:38:31.678 +07:00 [INF] Current directory is: C:\Program Files (x86)\IIS Express
2020-09-19 19:38:31.759 +07:00 [INF] Log file is: E:\Project\Sita\Code\DevSita\Sita\SIta.Web\Log\Sita_LOG.log
2020-09-19 19:38:31.760 +07:00 [INF] Log level is: info
2020-09-19 19:39:00.557 +07:00 [INF] Begin StartListening Ip: 27.71.237.68 and port:1000
2020-09-19 19:39:04.267 +07:00 [INF] Time:9/19/2020 7:39:04 PM : OnSocketAccepted
2020-09-19 19:39:04.274 +07:00 [INF] Time:9/19/2020 7:39:04 PM : StartListening
2020-09-19 19:42:59.584 +07:00 [INF] Current directory is: C:\Program Files (x86)\IIS Express
2020-09-19 19:42:59.659 +07:00 [INF] Log file is: E:\Project\Sita\Code\DevSita\Sita\SIta.Web\Log\Sita_LOG.log
2020-09-19 19:42:59.659 +07:00 [INF] Log level is: info
